2022-07-23 14:55:39,710 ERROR [http-nio-8080-exec-6] c.d.c.a.ExceptionAdvice [ExceptionAdvice.java:27] 服务器发生异常: Failed to convert value of type 'java.lang.String' to required type 'int'; nested exception is java.lang.NumberFormatException: For input string: "profile.html"
2022-07-23 14:55:39,712 ERROR [http-nio-8080-exec-6] c.d.c.a.ExceptionAdvice [ExceptionAdvice.java:29] org.springframework.web.method.annotation.AbstractNamedValueMethodArgumentResolver.resolveArgument(AbstractNamedValueMethodArgumentResolver.java:133)
2022-07-23 14:55:39,712 ERROR [http-nio-8080-exec-6] c.d.c.a.ExceptionAdvice [ExceptionAdvice.java:29] org.springframework.web.method.support.HandlerMethodArgumentResolverComposite.resolveArgument(HandlerMethodArgumentResolverComposite.java:122)
2022-07-23 14:55:39,716 ERROR [http-nio-8080-exec-6] c.d.c.a.ExceptionAdvice [ExceptionAdvice.java:29] org.springframework.web.method.support.InvocableHandlerMethod.getMethodArgumentValues(InvocableHandlerMethod.java:179)
2022-07-23 14:55:39,716 ERROR [http-nio-8080-exec-6] c.d.c.a.ExceptionAdvice [ExceptionAdvice.java:29] org.springframework.web.method.support.InvocableHandlerMethod.invokeForRequest(InvocableHandlerMethod.java:146)
2022-07-23 14:55:39,716 ERROR [http-nio-8080-exec-6] c.d.c.a.ExceptionAdvice [ExceptionAdvice.java:29] org.springframework.web.servlet.mvc.method.annotation.ServletInvocableHandlerMethod.invokeAndHandle(ServletInvocableHandlerMethod.java:117)
2022-07-23 14:55:39,716 ERROR [http-nio-8080-exec-6] c.d.c.a.ExceptionAdvice [ExceptionAdvice.java:29] org.springframework.web.servlet.mvc.method.annotation.RequestMappingHandlerAdapter.invokeHandlerMethod(RequestMappingHandlerAdapter.java:895)
2022-07-23 14:55:39,717 ERROR [http-nio-8080-exec-6] c.d.c.a.ExceptionAdvice [ExceptionAdvice.java:29] org.springframework.web.servlet.mvc.method.annotation.RequestMappingHandlerAdapter.handleInternal(RequestMappingHandlerAdapter.java:808)
2022-07-23 14:55:39,717 ERROR [http-nio-8080-exec-6] c.d.c.a.ExceptionAdvice [ExceptionAdvice.java:29] org.springframework.web.servlet.mvc.method.AbstractHandlerMethodAdapter.handle(AbstractHandlerMethodAdapter.java:87)
2022-07-23 14:55:39,717 ERROR [http-nio-8080-exec-6] c.d.c.a.ExceptionAdvice [ExceptionAdvice.java:29] org.springframework.web.servlet.DispatcherServlet.doDispatch(DispatcherServlet.java:1067)
2022-07-23 14:55:39,717 ERROR [http-nio-8080-exec-6] c.d.c.a.ExceptionAdvice [ExceptionAdvice.java:29] org.springframework.web.servlet.DispatcherServlet.doService(DispatcherServlet.java:963)
2022-07-23 14:55:39,717 ERROR [http-nio-8080-exec-6] c.d.c.a.ExceptionAdvice [ExceptionAdvice.java:29] org.springframework.web.servlet.FrameworkServlet.processRequest(FrameworkServlet.java:1006)
2022-07-23 14:55:39,717 ERROR [http-nio-8080-exec-6] c.d.c.a.ExceptionAdvice [ExceptionAdvice.java:29] org.springframework.web.servlet.FrameworkServlet.doGet(FrameworkServlet.java:898)
2022-07-23 14:55:39,718 ERROR [http-nio-8080-exec-6] c.d.c.a.ExceptionAdvice [ExceptionAdvice.java:29] javax.servlet.http.HttpServlet.service(HttpServlet.java:655)
2022-07-23 14:55:39,718 ERROR [http-nio-8080-exec-6] c.d.c.a.ExceptionAdvice [ExceptionAdvice.java:29] org.springframework.web.servlet.FrameworkServlet.service(FrameworkServlet.java:883)
2022-07-23 14:55:39,718 ERROR [http-nio-8080-exec-6] c.d.c.a.ExceptionAdvice [ExceptionAdvice.java:29] javax.servlet.http.HttpServlet.service(HttpServlet.java:764)
2022-07-23 14:55:39,718 ERROR [http-nio-8080-exec-6] c.d.c.a.ExceptionAdvice [ExceptionAdvice.java:29] org.apache.catalina.core.ApplicationFilterChain.internalDoFilter(ApplicationFilterChain.java:227)
2022-07-23 14:55:39,718 ERROR [http-nio-8080-exec-6] c.d.c.a.ExceptionAdvice [ExceptionAdvice.java:29] org.apache.catalina.core.ApplicationFilterChain.doFilter(ApplicationFilterChain.java:162)
2022-07-23 14:55:39,718 ERROR [http-nio-8080-exec-6] c.d.c.a.ExceptionAdvice [ExceptionAdvice.java:29] org.apache.tomcat.websocket.server.WsFilter.doFilter(WsFilter.java:53)
2022-07-23 14:55:39,718 ERROR [http-nio-8080-exec-6] c.d.c.a.ExceptionAdvice [ExceptionAdvice.java:29] org.apache.catalina.core.ApplicationFilterChain.internalDoFilter(ApplicationFilterChain.java:189)
2022-07-23 14:55:39,719 ERROR [http-nio-8080-exec-6] c.d.c.a.ExceptionAdvice [ExceptionAdvice.java:29] org.apache.catalina.core.ApplicationFilterChain.doFilter(ApplicationFilterChain.java:162)
2022-07-23 14:55:39,719 ERROR [http-nio-8080-exec-6] c.d.c.a.ExceptionAdvice [ExceptionAdvice.java:29] org.springframework.security.web.FilterChainProxy$VirtualFilterChain.doFilter(FilterChainProxy.java:327)
2022-07-23 14:55:39,719 ERROR [http-nio-8080-exec-6] c.d.c.a.ExceptionAdvice [ExceptionAdvice.java:29] org.springframework.security.web.access.intercept.FilterSecurityInterceptor.invoke(FilterSecurityInterceptor.java:115)
2022-07-23 14:55:39,719 ERROR [http-nio-8080-exec-6] c.d.c.a.ExceptionAdvice [ExceptionAdvice.java:29] org.springframework.security.web.access.intercept.FilterSecurityInterceptor.doFilter(FilterSecurityInterceptor.java:81)
2022-07-23 14:55:39,719 ERROR [http-nio-8080-exec-6] c.d.c.a.ExceptionAdvice [ExceptionAdvice.java:29] org.springframework.security.web.FilterChainProxy$VirtualFilterChain.doFilter(FilterChainProxy.java:336)
2022-07-23 14:55:39,719 ERROR [http-nio-8080-exec-6] c.d.c.a.ExceptionAdvice [ExceptionAdvice.java:29] org.springframework.security.web.access.ExceptionTranslationFilter.doFilter(ExceptionTranslationFilter.java:122)
2022-07-23 14:55:39,719 ERROR [http-nio-8080-exec-6] c.d.c.a.ExceptionAdvice [ExceptionAdvice.java:29] org.springframework.security.web.access.ExceptionTranslationFilter.doFilter(ExceptionTranslationFilter.java:116)
2022-07-23 14:55:39,719 ERROR [http-nio-8080-exec-6] c.d.c.a.ExceptionAdvice [ExceptionAdvice.java:29] org.springframework.security.web.FilterChainProxy$VirtualFilterChain.doFilter(FilterChainProxy.java:336)
2022-07-23 14:55:39,719 ERROR [http-nio-8080-exec-6] c.d.c.a.ExceptionAdvice [ExceptionAdvice.java:29] org.springframework.security.web.session.SessionManagementFilter.doFilter(SessionManagementFilter.java:126)
2022-07-23 14:55:39,720 ERROR [http-nio-8080-exec-6] c.d.c.a.ExceptionAdvice [ExceptionAdvice.java:29] org.springframework.security.web.session.SessionManagementFilter.doFilter(SessionManagementFilter.java:81)
2022-07-23 14:55:39,720 ERROR [http-nio-8080-exec-6] c.d.c.a.ExceptionAdvice [ExceptionAdvice.java:29] org.springframework.security.web.FilterChainProxy$VirtualFilterChain.doFilter(FilterChainProxy.java:336)
2022-07-23 14:55:39,720 ERROR [http-nio-8080-exec-6] c.d.c.a.ExceptionAdvice [ExceptionAdvice.java:29] org.springframework.security.web.authentication.AnonymousAuthenticationFilter.doFilter(AnonymousAuthenticationFilter.java:109)
2022-07-23 14:55:39,720 ERROR [http-nio-8080-exec-6] c.d.c.a.ExceptionAdvice [ExceptionAdvice.java:29] org.springframework.security.web.FilterChainProxy$VirtualFilterChain.doFilter(FilterChainProxy.java:336)
2022-07-23 14:55:39,720 ERROR [http-nio-8080-exec-6] c.d.c.a.ExceptionAdvice [ExceptionAdvice.java:29] org.springframework.security.web.servletapi.SecurityContextHolderAwareRequestFilter.doFilter(SecurityContextHolderAwareRequestFilter.java:149)
2022-07-23 14:55:39,720 ERROR [http-nio-8080-exec-6] c.d.c.a.ExceptionAdvice [ExceptionAdvice.java:29] org.springframework.security.web.FilterChainProxy$VirtualFilterChain.doFilter(FilterChainProxy.java:336)
2022-07-23 14:55:39,720 ERROR [http-nio-8080-exec-6] c.d.c.a.ExceptionAdvice [ExceptionAdvice.java:29] org.springframework.security.web.savedrequest.RequestCacheAwareFilter.doFilter(RequestCacheAwareFilter.java:63)
2022-07-23 14:55:39,721 ERROR [http-nio-8080-exec-6] c.d.c.a.ExceptionAdvice [ExceptionAdvice.java:29] org.springframework.security.web.FilterChainProxy$VirtualFilterChain.doFilter(FilterChainProxy.java:336)
2022-07-23 14:55:39,721 ERROR [http-nio-8080-exec-6] c.d.c.a.ExceptionAdvice [ExceptionAdvice.java:29] org.springframework.security.web.authentication.logout.LogoutFilter.doFilter(LogoutFilter.java:103)
2022-07-23 14:55:39,721 ERROR [http-nio-8080-exec-6] c.d.c.a.ExceptionAdvice [ExceptionAdvice.java:29] org.springframework.security.web.authentication.logout.LogoutFilter.doFilter(LogoutFilter.java:89)
2022-07-23 14:55:39,721 ERROR [http-nio-8080-exec-6] c.d.c.a.ExceptionAdvice [ExceptionAdvice.java:29] org.springframework.security.web.FilterChainProxy$VirtualFilterChain.doFilter(FilterChainProxy.java:336)
2022-07-23 14:55:39,721 ERROR [http-nio-8080-exec-6] c.d.c.a.ExceptionAdvice [ExceptionAdvice.java:29] org.springframework.security.web.header.HeaderWriterFilter.doHeadersAfter(HeaderWriterFilter.java:90)
2022-07-23 14:55:39,721 ERROR [http-nio-8080-exec-6] c.d.c.a.ExceptionAdvice [ExceptionAdvice.java:29] org.springframework.security.web.header.HeaderWriterFilter.doFilterInternal(HeaderWriterFilter.java:75)
2022-07-23 14:55:39,722 ERROR [http-nio-8080-exec-6] c.d.c.a.ExceptionAdvice [ExceptionAdvice.java:29] org.springframework.web.filter.OncePerRequestFilter.doFilter(OncePerRequestFilter.java:117)
2022-07-23 14:55:39,722 ERROR [http-nio-8080-exec-6] c.d.c.a.ExceptionAdvice [ExceptionAdvice.java:29] org.springframework.security.web.FilterChainProxy$VirtualFilterChain.doFilter(FilterChainProxy.java:336)
2022-07-23 14:55:39,722 ERROR [http-nio-8080-exec-6] c.d.c.a.ExceptionAdvice [ExceptionAdvice.java:29] org.springframework.security.web.context.SecurityContextPersistenceFilter.doFilter(SecurityContextPersistenceFilter.java:112)
2022-07-23 14:55:39,722 ERROR [http-nio-8080-exec-6] c.d.c.a.ExceptionAdvice [ExceptionAdvice.java:29] org.springframework.security.web.context.SecurityContextPersistenceFilter.doFilter(SecurityContextPersistenceFilter.java:82)
2022-07-23 14:55:39,723 ERROR [http-nio-8080-exec-6] c.d.c.a.ExceptionAdvice [ExceptionAdvice.java:29] org.springframework.security.web.FilterChainProxy$VirtualFilterChain.doFilter(FilterChainProxy.java:336)
2022-07-23 14:55:39,723 ERROR [http-nio-8080-exec-6] c.d.c.a.ExceptionAdvice [ExceptionAdvice.java:29] org.springframework.security.web.context.request.async.WebAsyncManagerIntegrationFilter.doFilterInternal(WebAsyncManagerIntegrationFilter.java:55)
2022-07-23 14:55:39,723 ERROR [http-nio-8080-exec-6] c.d.c.a.ExceptionAdvice [ExceptionAdvice.java:29] org.springframework.web.filter.OncePerRequestFilter.doFilter(OncePerRequestFilter.java:117)
2022-07-23 14:55:39,723 ERROR [http-nio-8080-exec-6] c.d.c.a.ExceptionAdvice [ExceptionAdvice.java:29] org.springframework.security.web.FilterChainProxy$VirtualFilterChain.doFilter(FilterChainProxy.java:336)
2022-07-23 14:55:39,723 ERROR [http-nio-8080-exec-6] c.d.c.a.ExceptionAdvice [ExceptionAdvice.java:29] org.springframework.security.web.session.DisableEncodeUrlFilter.doFilterInternal(DisableEncodeUrlFilter.java:42)
2022-07-23 14:55:39,723 ERROR [http-nio-8080-exec-6] c.d.c.a.ExceptionAdvice [ExceptionAdvice.java:29] org.springframework.web.filter.OncePerRequestFilter.doFilter(OncePerRequestFilter.java:117)
2022-07-23 14:55:39,723 ERROR [http-nio-8080-exec-6] c.d.c.a.ExceptionAdvice [ExceptionAdvice.java:29] org.springframework.security.web.FilterChainProxy$VirtualFilterChain.doFilter(FilterChainProxy.java:336)
2022-07-23 14:55:39,724 ERROR [http-nio-8080-exec-6] c.d.c.a.ExceptionAdvice [ExceptionAdvice.java:29] org.springframework.security.web.FilterChainProxy.doFilterInternal(FilterChainProxy.java:211)
2022-07-23 14:55:39,724 ERROR [http-nio-8080-exec-6] c.d.c.a.ExceptionAdvice [ExceptionAdvice.java:29] org.springframework.security.web.FilterChainProxy.doFilter(FilterChainProxy.java:183)
2022-07-23 14:55:39,724 ERROR [http-nio-8080-exec-6] c.d.c.a.ExceptionAdvice [ExceptionAdvice.java:29] org.springframework.web.filter.DelegatingFilterProxy.invokeDelegate(DelegatingFilterProxy.java:354)
2022-07-23 14:55:39,724 ERROR [http-nio-8080-exec-6] c.d.c.a.ExceptionAdvice [ExceptionAdvice.java:29] org.springframework.web.filter.DelegatingFilterProxy.doFilter(DelegatingFilterProxy.java:267)
2022-07-23 14:55:39,724 ERROR [http-nio-8080-exec-6] c.d.c.a.ExceptionAdvice [ExceptionAdvice.java:29] org.apache.catalina.core.ApplicationFilterChain.internalDoFilter(ApplicationFilterChain.java:189)
2022-07-23 14:55:39,724 ERROR [http-nio-8080-exec-6] c.d.c.a.ExceptionAdvice [ExceptionAdvice.java:29] org.apache.catalina.core.ApplicationFilterChain.doFilter(ApplicationFilterChain.java:162)
2022-07-23 14:55:39,724 ERROR [http-nio-8080-exec-6] c.d.c.a.ExceptionAdvice [ExceptionAdvice.java:29] org.springframework.web.filter.RequestContextFilter.doFilterInternal(RequestContextFilter.java:100)
2022-07-23 14:55:39,724 ERROR [http-nio-8080-exec-6] c.d.c.a.ExceptionAdvice [ExceptionAdvice.java:29] org.springframework.web.filter.OncePerRequestFilter.doFilter(OncePerRequestFilter.java:117)
2022-07-23 14:55:39,724 ERROR [http-nio-8080-exec-6] c.d.c.a.ExceptionAdvice [ExceptionAdvice.java:29] org.apache.catalina.core.ApplicationFilterChain.internalDoFilter(ApplicationFilterChain.java:189)
2022-07-23 14:55:39,725 ERROR [http-nio-8080-exec-6] c.d.c.a.ExceptionAdvice [ExceptionAdvice.java:29] org.apache.catalina.core.ApplicationFilterChain.doFilter(ApplicationFilterChain.java:162)
2022-07-23 14:55:39,725 ERROR [http-nio-8080-exec-6] c.d.c.a.ExceptionAdvice [ExceptionAdvice.java:29] org.springframework.web.filter.FormContentFilter.doFilterInternal(FormContentFilter.java:93)
2022-07-23 14:55:39,725 ERROR [http-nio-8080-exec-6] c.d.c.a.ExceptionAdvice [ExceptionAdvice.java:29] org.springframework.web.filter.OncePerRequestFilter.doFilter(OncePerRequestFilter.java:117)
2022-07-23 14:55:39,725 ERROR [http-nio-8080-exec-6] c.d.c.a.ExceptionAdvice [ExceptionAdvice.java:29] org.apache.catalina.core.ApplicationFilterChain.internalDoFilter(ApplicationFilterChain.java:189)
2022-07-23 14:55:39,725 ERROR [http-nio-8080-exec-6] c.d.c.a.ExceptionAdvice [ExceptionAdvice.java:29] org.apache.catalina.core.ApplicationFilterChain.doFilter(ApplicationFilterChain.java:162)
2022-07-23 14:55:39,725 ERROR [http-nio-8080-exec-6] c.d.c.a.ExceptionAdvice [ExceptionAdvice.java:29] org.springframework.web.filter.CharacterEncodingFilter.doFilterInternal(CharacterEncodingFilter.java:201)
2022-07-23 14:55:39,725 ERROR [http-nio-8080-exec-6] c.d.c.a.ExceptionAdvice [ExceptionAdvice.java:29] org.springframework.web.filter.OncePerRequestFilter.doFilter(OncePerRequestFilter.java:117)
2022-07-23 14:55:39,725 ERROR [http-nio-8080-exec-6] c.d.c.a.ExceptionAdvice [ExceptionAdvice.java:29] org.apache.catalina.core.ApplicationFilterChain.internalDoFilter(ApplicationFilterChain.java:189)
2022-07-23 14:55:39,726 ERROR [http-nio-8080-exec-6] c.d.c.a.ExceptionAdvice [ExceptionAdvice.java:29] org.apache.catalina.core.ApplicationFilterChain.doFilter(ApplicationFilterChain.java:162)
2022-07-23 14:55:39,726 ERROR [http-nio-8080-exec-6] c.d.c.a.ExceptionAdvice [ExceptionAdvice.java:29] org.apache.catalina.core.StandardWrapperValve.invoke(StandardWrapperValve.java:197)
2022-07-23 14:55:39,726 ERROR [http-nio-8080-exec-6] c.d.c.a.ExceptionAdvice [ExceptionAdvice.java:29] org.apache.catalina.core.StandardContextValve.invoke(StandardContextValve.java:97)
2022-07-23 14:55:39,726 ERROR [http-nio-8080-exec-6] c.d.c.a.ExceptionAdvice [ExceptionAdvice.java:29] org.apache.catalina.authenticator.AuthenticatorBase.invoke(AuthenticatorBase.java:541)
2022-07-23 14:55:39,726 ERROR [http-nio-8080-exec-6] c.d.c.a.ExceptionAdvice [ExceptionAdvice.java:29] org.apache.catalina.core.StandardHostValve.invoke(StandardHostValve.java:135)
2022-07-23 14:55:39,726 ERROR [http-nio-8080-exec-6] c.d.c.a.ExceptionAdvice [ExceptionAdvice.java:29] org.apache.catalina.valves.ErrorReportValve.invoke(ErrorReportValve.java:92)
2022-07-23 14:55:39,726 ERROR [http-nio-8080-exec-6] c.d.c.a.ExceptionAdvice [ExceptionAdvice.java:29] org.apache.catalina.core.StandardEngineValve.invoke(StandardEngineValve.java:78)
2022-07-23 14:55:39,727 ERROR [http-nio-8080-exec-6] c.d.c.a.ExceptionAdvice [ExceptionAdvice.java:29] org.apache.catalina.connector.CoyoteAdapter.service(CoyoteAdapter.java:360)
2022-07-23 14:55:39,727 ERROR [http-nio-8080-exec-6] c.d.c.a.ExceptionAdvice [ExceptionAdvice.java:29] org.apache.coyote.http11.Http11Processor.service(Http11Processor.java:399)
2022-07-23 14:55:39,727 ERROR [http-nio-8080-exec-6] c.d.c.a.ExceptionAdvice [ExceptionAdvice.java:29] org.apache.coyote.AbstractProcessorLight.process(AbstractProcessorLight.java:65)
2022-07-23 14:55:39,727 ERROR [http-nio-8080-exec-6] c.d.c.a.ExceptionAdvice [ExceptionAdvice.java:29] org.apache.coyote.AbstractProtocol$ConnectionHandler.process(AbstractProtocol.java:890)
2022-07-23 14:55:39,727 ERROR [http-nio-8080-exec-6] c.d.c.a.ExceptionAdvice [ExceptionAdvice.java:29] org.apache.tomcat.util.net.NioEndpoint$SocketProcessor.doRun(NioEndpoint.java:1787)
2022-07-23 14:55:39,727 ERROR [http-nio-8080-exec-6] c.d.c.a.ExceptionAdvice [ExceptionAdvice.java:29] org.apache.tomcat.util.net.SocketProcessorBase.run(SocketProcessorBase.java:49)
2022-07-23 14:55:39,727 ERROR [http-nio-8080-exec-6] c.d.c.a.ExceptionAdvice [ExceptionAdvice.java:29] org.apache.tomcat.util.threads.ThreadPoolExecutor.runWorker(ThreadPoolExecutor.java:1191)
2022-07-23 14:55:39,727 ERROR [http-nio-8080-exec-6] c.d.c.a.ExceptionAdvice [ExceptionAdvice.java:29] org.apache.tomcat.util.threads.ThreadPoolExecutor$Worker.run(ThreadPoolExecutor.java:659)
2022-07-23 14:55:39,728 ERROR [http-nio-8080-exec-6] c.d.c.a.ExceptionAdvice [ExceptionAdvice.java:29] org.apache.tomcat.util.threads.TaskThread$WrappingRunnable.run(TaskThread.java:61)
2022-07-23 14:55:39,728 ERROR [http-nio-8080-exec-6] c.d.c.a.ExceptionAdvice [ExceptionAdvice.java:29] java.lang.Thread.run(Thread.java:748)
2022-07-23 15:00:21,304 ERROR [http-nio-8080-exec-10] c.d.c.a.ExceptionAdvice [ExceptionAdvice.java:27] 服务器发生异常: Failed to convert value of type 'java.lang.String' to required type 'int'; nested exception is java.lang.NumberFormatException: For input string: "profile.html"
2022-07-23 15:00:21,304 ERROR [http-nio-8080-exec-10] c.d.c.a.ExceptionAdvice [ExceptionAdvice.java:29] org.springframework.web.method.annotation.AbstractNamedValueMethodArgumentResolver.resolveArgument(AbstractNamedValueMethodArgumentResolver.java:133)
2022-07-23 15:00:21,305 ERROR [http-nio-8080-exec-10] c.d.c.a.ExceptionAdvice [ExceptionAdvice.java:29] org.springframework.web.method.support.HandlerMethodArgumentResolverComposite.resolveArgument(HandlerMethodArgumentResolverComposite.java:122)
2022-07-23 15:00:21,305 ERROR [http-nio-8080-exec-10] c.d.c.a.ExceptionAdvice [ExceptionAdvice.java:29] org.springframework.web.method.support.InvocableHandlerMethod.getMethodArgumentValues(InvocableHandlerMethod.java:179)
2022-07-23 15:00:21,305 ERROR [http-nio-8080-exec-10] c.d.c.a.ExceptionAdvice [ExceptionAdvice.java:29] org.springframework.web.method.support.InvocableHandlerMethod.invokeForRequest(InvocableHandlerMethod.java:146)
2022-07-23 15:00:21,305 ERROR [http-nio-8080-exec-10] c.d.c.a.ExceptionAdvice [ExceptionAdvice.java:29] org.springframework.web.servlet.mvc.method.annotation.ServletInvocableHandlerMethod.invokeAndHandle(ServletInvocableHandlerMethod.java:117)
2022-07-23 15:00:21,305 ERROR [http-nio-8080-exec-10] c.d.c.a.ExceptionAdvice [ExceptionAdvice.java:29] org.springframework.web.servlet.mvc.method.annotation.RequestMappingHandlerAdapter.invokeHandlerMethod(RequestMappingHandlerAdapter.java:895)
2022-07-23 15:00:21,305 ERROR [http-nio-8080-exec-10] c.d.c.a.ExceptionAdvice [ExceptionAdvice.java:29] org.springframework.web.servlet.mvc.method.annotation.RequestMappingHandlerAdapter.handleInternal(RequestMappingHandlerAdapter.java:808)
2022-07-23 15:00:21,305 ERROR [http-nio-8080-exec-10] c.d.c.a.ExceptionAdvice [ExceptionAdvice.java:29] org.springframework.web.servlet.mvc.method.AbstractHandlerMethodAdapter.handle(AbstractHandlerMethodAdapter.java:87)
2022-07-23 15:00:21,305 ERROR [http-nio-8080-exec-10] c.d.c.a.ExceptionAdvice [ExceptionAdvice.java:29] org.springframework.web.servlet.DispatcherServlet.doDispatch(DispatcherServlet.java:1067)
2022-07-23 15:00:21,306 ERROR [http-nio-8080-exec-10] c.d.c.a.ExceptionAdvice [ExceptionAdvice.java:29] org.springframework.web.servlet.DispatcherServlet.doService(DispatcherServlet.java:963)
2022-07-23 15:00:21,306 ERROR [http-nio-8080-exec-10] c.d.c.a.ExceptionAdvice [ExceptionAdvice.java:29] org.springframework.web.servlet.FrameworkServlet.processRequest(FrameworkServlet.java:1006)
2022-07-23 15:00:21,306 ERROR [http-nio-8080-exec-10] c.d.c.a.ExceptionAdvice [ExceptionAdvice.java:29] org.springframework.web.servlet.FrameworkServlet.doGet(FrameworkServlet.java:898)
2022-07-23 15:00:21,306 ERROR [http-nio-8080-exec-10] c.d.c.a.ExceptionAdvice [ExceptionAdvice.java:29] javax.servlet.http.HttpServlet.service(HttpServlet.java:655)
2022-07-23 15:00:21,306 ERROR [http-nio-8080-exec-10] c.d.c.a.ExceptionAdvice [ExceptionAdvice.java:29] org.springframework.web.servlet.FrameworkServlet.service(FrameworkServlet.java:883)
2022-07-23 15:00:21,306 ERROR [http-nio-8080-exec-10] c.d.c.a.ExceptionAdvice [ExceptionAdvice.java:29] javax.servlet.http.HttpServlet.service(HttpServlet.java:764)
2022-07-23 15:00:21,306 ERROR [http-nio-8080-exec-10] c.d.c.a.ExceptionAdvice [ExceptionAdvice.java:29] org.apache.catalina.core.ApplicationFilterChain.internalDoFilter(ApplicationFilterChain.java:227)
2022-07-23 15:00:21,306 ERROR [http-nio-8080-exec-10] c.d.c.a.ExceptionAdvice [ExceptionAdvice.java:29] org.apache.catalina.core.ApplicationFilterChain.doFilter(ApplicationFilterChain.java:162)
2022-07-23 15:00:21,307 ERROR [http-nio-8080-exec-10] c.d.c.a.ExceptionAdvice [ExceptionAdvice.java:29] org.apache.tomcat.websocket.server.WsFilter.doFilter(WsFilter.java:53)
2022-07-23 15:00:21,307 ERROR [http-nio-8080-exec-10] c.d.c.a.ExceptionAdvice [ExceptionAdvice.java:29] org.apache.catalina.core.ApplicationFilterChain.internalDoFilter(ApplicationFilterChain.java:189)
2022-07-23 15:00:21,307 ERROR [http-nio-8080-exec-10] c.d.c.a.ExceptionAdvice [ExceptionAdvice.java:29] org.apache.catalina.core.ApplicationFilterChain.doFilter(ApplicationFilterChain.java:162)
2022-07-23 15:00:21,307 ERROR [http-nio-8080-exec-10] c.d.c.a.ExceptionAdvice [ExceptionAdvice.java:29] org.springframework.security.web.FilterChainProxy$VirtualFilterChain.doFilter(FilterChainProxy.java:327)
2022-07-23 15:00:21,307 ERROR [http-nio-8080-exec-10] c.d.c.a.ExceptionAdvice [ExceptionAdvice.java:29] org.springframework.security.web.access.intercept.FilterSecurityInterceptor.invoke(FilterSecurityInterceptor.java:115)
2022-07-23 15:00:21,307 ERROR [http-nio-8080-exec-10] c.d.c.a.ExceptionAdvice [ExceptionAdvice.java:29] org.springframework.security.web.access.intercept.FilterSecurityInterceptor.doFilter(FilterSecurityInterceptor.java:81)
2022-07-23 15:00:21,307 ERROR [http-nio-8080-exec-10] c.d.c.a.ExceptionAdvice [ExceptionAdvice.java:29] org.springframework.security.web.FilterChainProxy$VirtualFilterChain.doFilter(FilterChainProxy.java:336)
2022-07-23 15:00:21,307 ERROR [http-nio-8080-exec-10] c.d.c.a.ExceptionAdvice [ExceptionAdvice.java:29] org.springframework.security.web.access.ExceptionTranslationFilter.doFilter(ExceptionTranslationFilter.java:122)
2022-07-23 15:00:21,308 ERROR [http-nio-8080-exec-10] c.d.c.a.ExceptionAdvice [ExceptionAdvice.java:29] org.springframework.security.web.access.ExceptionTranslationFilter.doFilter(ExceptionTranslationFilter.java:116)
2022-07-23 15:00:21,308 ERROR [http-nio-8080-exec-10] c.d.c.a.ExceptionAdvice [ExceptionAdvice.java:29] org.springframework.security.web.FilterChainProxy$VirtualFilterChain.doFilter(FilterChainProxy.java:336)
2022-07-23 15:00:21,308 ERROR [http-nio-8080-exec-10] c.d.c.a.ExceptionAdvice [ExceptionAdvice.java:29] org.springframework.security.web.session.SessionManagementFilter.doFilter(SessionManagementFilter.java:126)
2022-07-23 15:00:21,308 ERROR [http-nio-8080-exec-10] c.d.c.a.ExceptionAdvice [ExceptionAdvice.java:29] org.springframework.security.web.session.SessionManagementFilter.doFilter(SessionManagementFilter.java:81)
2022-07-23 15:00:21,308 ERROR [http-nio-8080-exec-10] c.d.c.a.ExceptionAdvice [ExceptionAdvice.java:29] org.springframework.security.web.FilterChainProxy$VirtualFilterChain.doFilter(FilterChainProxy.java:336)
2022-07-23 15:00:21,308 ERROR [http-nio-8080-exec-10] c.d.c.a.ExceptionAdvice [ExceptionAdvice.java:29] org.springframework.security.web.authentication.AnonymousAuthenticationFilter.doFilter(AnonymousAuthenticationFilter.java:109)
2022-07-23 15:00:21,308 ERROR [http-nio-8080-exec-10] c.d.c.a.ExceptionAdvice [ExceptionAdvice.java:29] org.springframework.security.web.FilterChainProxy$VirtualFilterChain.doFilter(FilterChainProxy.java:336)
2022-07-23 15:00:21,309 ERROR [http-nio-8080-exec-10] c.d.c.a.ExceptionAdvice [ExceptionAdvice.java:29] org.springframework.security.web.servletapi.SecurityContextHolderAwareRequestFilter.doFilter(SecurityContextHolderAwareRequestFilter.java:149)
2022-07-23 15:00:21,309 ERROR [http-nio-8080-exec-10] c.d.c.a.ExceptionAdvice [ExceptionAdvice.java:29] org.springframework.security.web.FilterChainProxy$VirtualFilterChain.doFilter(FilterChainProxy.java:336)
2022-07-23 15:00:21,309 ERROR [http-nio-8080-exec-10] c.d.c.a.ExceptionAdvice [ExceptionAdvice.java:29] org.springframework.security.web.savedrequest.RequestCacheAwareFilter.doFilter(RequestCacheAwareFilter.java:63)
2022-07-23 15:00:21,309 ERROR [http-nio-8080-exec-10] c.d.c.a.ExceptionAdvice [ExceptionAdvice.java:29] org.springframework.security.web.FilterChainProxy$VirtualFilterChain.doFilter(FilterChainProxy.java:336)
2022-07-23 15:00:21,309 ERROR [http-nio-8080-exec-10] c.d.c.a.ExceptionAdvice [ExceptionAdvice.java:29] org.springframework.security.web.authentication.logout.LogoutFilter.doFilter(LogoutFilter.java:103)
2022-07-23 15:00:21,309 ERROR [http-nio-8080-exec-10] c.d.c.a.ExceptionAdvice [ExceptionAdvice.java:29] org.springframework.security.web.authentication.logout.LogoutFilter.doFilter(LogoutFilter.java:89)
2022-07-23 15:00:21,309 ERROR [http-nio-8080-exec-10] c.d.c.a.ExceptionAdvice [ExceptionAdvice.java:29] org.springframework.security.web.FilterChainProxy$VirtualFilterChain.doFilter(FilterChainProxy.java:336)
2022-07-23 15:00:21,309 ERROR [http-nio-8080-exec-10] c.d.c.a.ExceptionAdvice [ExceptionAdvice.java:29] org.springframework.security.web.header.HeaderWriterFilter.doHeadersAfter(HeaderWriterFilter.java:90)
2022-07-23 15:00:21,309 ERROR [http-nio-8080-exec-10] c.d.c.a.ExceptionAdvice [ExceptionAdvice.java:29] org.springframework.security.web.header.HeaderWriterFilter.doFilterInternal(HeaderWriterFilter.java:75)
2022-07-23 15:00:21,309 ERROR [http-nio-8080-exec-10] c.d.c.a.ExceptionAdvice [ExceptionAdvice.java:29] org.springframework.web.filter.OncePerRequestFilter.doFilter(OncePerRequestFilter.java:117)
2022-07-23 15:00:21,309 ERROR [http-nio-8080-exec-10] c.d.c.a.ExceptionAdvice [ExceptionAdvice.java:29] org.springframework.security.web.FilterChainProxy$VirtualFilterChain.doFilter(FilterChainProxy.java:336)
2022-07-23 15:00:21,309 ERROR [http-nio-8080-exec-10] c.d.c.a.ExceptionAdvice [ExceptionAdvice.java:29] org.springframework.security.web.context.SecurityContextPersistenceFilter.doFilter(SecurityContextPersistenceFilter.java:112)
2022-07-23 15:00:21,309 ERROR [http-nio-8080-exec-10] c.d.c.a.ExceptionAdvice [ExceptionAdvice.java:29] org.springframework.security.web.context.SecurityContextPersistenceFilter.doFilter(SecurityContextPersistenceFilter.java:82)
2022-07-23 15:00:21,309 ERROR [http-nio-8080-exec-10] c.d.c.a.ExceptionAdvice [ExceptionAdvice.java:29] org.springframework.security.web.FilterChainProxy$VirtualFilterChain.doFilter(FilterChainProxy.java:336)
2022-07-23 15:00:21,310 ERROR [http-nio-8080-exec-10] c.d.c.a.ExceptionAdvice [ExceptionAdvice.java:29] org.springframework.security.web.context.request.async.WebAsyncManagerIntegrationFilter.doFilterInternal(WebAsyncManagerIntegrationFilter.java:55)
2022-07-23 15:00:21,310 ERROR [http-nio-8080-exec-10] c.d.c.a.ExceptionAdvice [ExceptionAdvice.java:29] org.springframework.web.filter.OncePerRequestFilter.doFilter(OncePerRequestFilter.java:117)
2022-07-23 15:00:21,310 ERROR [http-nio-8080-exec-10] c.d.c.a.ExceptionAdvice [ExceptionAdvice.java:29] org.springframework.security.web.FilterChainProxy$VirtualFilterChain.doFilter(FilterChainProxy.java:336)
2022-07-23 15:00:21,310 ERROR [http-nio-8080-exec-10] c.d.c.a.ExceptionAdvice [ExceptionAdvice.java:29] org.springframework.security.web.session.DisableEncodeUrlFilter.doFilterInternal(DisableEncodeUrlFilter.java:42)
2022-07-23 15:00:21,310 ERROR [http-nio-8080-exec-10] c.d.c.a.ExceptionAdvice [ExceptionAdvice.java:29] org.springframework.web.filter.OncePerRequestFilter.doFilter(OncePerRequestFilter.java:117)
2022-07-23 15:00:21,310 ERROR [http-nio-8080-exec-10] c.d.c.a.ExceptionAdvice [ExceptionAdvice.java:29] org.springframework.security.web.FilterChainProxy$VirtualFilterChain.doFilter(FilterChainProxy.java:336)
2022-07-23 15:00:21,310 ERROR [http-nio-8080-exec-10] c.d.c.a.ExceptionAdvice [ExceptionAdvice.java:29] org.springframework.security.web.FilterChainProxy.doFilterInternal(FilterChainProxy.java:211)
2022-07-23 15:00:21,310 ERROR [http-nio-8080-exec-10] c.d.c.a.ExceptionAdvice [ExceptionAdvice.java:29] org.springframework.security.web.FilterChainProxy.doFilter(FilterChainProxy.java:183)
2022-07-23 15:00:21,311 ERROR [http-nio-8080-exec-10] c.d.c.a.ExceptionAdvice [ExceptionAdvice.java:29] org.springframework.web.filter.DelegatingFilterProxy.invokeDelegate(DelegatingFilterProxy.java:354)
2022-07-23 15:00:21,311 ERROR [http-nio-8080-exec-10] c.d.c.a.ExceptionAdvice [ExceptionAdvice.java:29] org.springframework.web.filter.DelegatingFilterProxy.doFilter(DelegatingFilterProxy.java:267)
2022-07-23 15:00:21,311 ERROR [http-nio-8080-exec-10] c.d.c.a.ExceptionAdvice [ExceptionAdvice.java:29] org.apache.catalina.core.ApplicationFilterChain.internalDoFilter(ApplicationFilterChain.java:189)
2022-07-23 15:00:21,311 ERROR [http-nio-8080-exec-10] c.d.c.a.ExceptionAdvice [ExceptionAdvice.java:29] org.apache.catalina.core.ApplicationFilterChain.doFilter(ApplicationFilterChain.java:162)
2022-07-23 15:00:21,311 ERROR [http-nio-8080-exec-10] c.d.c.a.ExceptionAdvice [ExceptionAdvice.java:29] org.springframework.web.filter.RequestContextFilter.doFilterInternal(RequestContextFilter.java:100)
2022-07-23 15:00:21,311 ERROR [http-nio-8080-exec-10] c.d.c.a.ExceptionAdvice [ExceptionAdvice.java:29] org.springframework.web.filter.OncePerRequestFilter.doFilter(OncePerRequestFilter.java:117)
2022-07-23 15:00:21,311 ERROR [http-nio-8080-exec-10] c.d.c.a.ExceptionAdvice [ExceptionAdvice.java:29] org.apache.catalina.core.ApplicationFilterChain.internalDoFilter(ApplicationFilterChain.java:189)
2022-07-23 15:00:21,311 ERROR [http-nio-8080-exec-10] c.d.c.a.ExceptionAdvice [ExceptionAdvice.java:29] org.apache.catalina.core.ApplicationFilterChain.doFilter(ApplicationFilterChain.java:162)
2022-07-23 15:00:21,311 ERROR [http-nio-8080-exec-10] c.d.c.a.ExceptionAdvice [ExceptionAdvice.java:29] org.springframework.web.filter.FormContentFilter.doFilterInternal(FormContentFilter.java:93)
2022-07-23 15:00:21,312 ERROR [http-nio-8080-exec-10] c.d.c.a.ExceptionAdvice [ExceptionAdvice.java:29] org.springframework.web.filter.OncePerRequestFilter.doFilter(OncePerRequestFilter.java:117)
2022-07-23 15:00:21,312 ERROR [http-nio-8080-exec-10] c.d.c.a.ExceptionAdvice [ExceptionAdvice.java:29] org.apache.catalina.core.ApplicationFilterChain.internalDoFilter(ApplicationFilterChain.java:189)
2022-07-23 15:00:21,312 ERROR [http-nio-8080-exec-10] c.d.c.a.ExceptionAdvice [ExceptionAdvice.java:29] org.apache.catalina.core.ApplicationFilterChain.doFilter(ApplicationFilterChain.java:162)
2022-07-23 15:00:21,312 ERROR [http-nio-8080-exec-10] c.d.c.a.ExceptionAdvice [ExceptionAdvice.java:29] org.springframework.web.filter.CharacterEncodingFilter.doFilterInternal(CharacterEncodingFilter.java:201)
2022-07-23 15:00:21,312 ERROR [http-nio-8080-exec-10] c.d.c.a.ExceptionAdvice [ExceptionAdvice.java:29] org.springframework.web.filter.OncePerRequestFilter.doFilter(OncePerRequestFilter.java:117)
2022-07-23 15:00:21,312 ERROR [http-nio-8080-exec-10] c.d.c.a.ExceptionAdvice [ExceptionAdvice.java:29] org.apache.catalina.core.ApplicationFilterChain.internalDoFilter(ApplicationFilterChain.java:189)
2022-07-23 15:00:21,312 ERROR [http-nio-8080-exec-10] c.d.c.a.ExceptionAdvice [ExceptionAdvice.java:29] org.apache.catalina.core.ApplicationFilterChain.doFilter(ApplicationFilterChain.java:162)
2022-07-23 15:00:21,312 ERROR [http-nio-8080-exec-10] c.d.c.a.ExceptionAdvice [ExceptionAdvice.java:29] org.apache.catalina.core.StandardWrapperValve.invoke(StandardWrapperValve.java:197)
2022-07-23 15:00:21,312 ERROR [http-nio-8080-exec-10] c.d.c.a.ExceptionAdvice [ExceptionAdvice.java:29] org.apache.catalina.core.StandardContextValve.invoke(StandardContextValve.java:97)
2022-07-23 15:00:21,313 ERROR [http-nio-8080-exec-10] c.d.c.a.ExceptionAdvice [ExceptionAdvice.java:29] org.apache.catalina.authenticator.AuthenticatorBase.invoke(AuthenticatorBase.java:541)
2022-07-23 15:00:21,313 ERROR [http-nio-8080-exec-10] c.d.c.a.ExceptionAdvice [ExceptionAdvice.java:29] org.apache.catalina.core.StandardHostValve.invoke(StandardHostValve.java:135)
2022-07-23 15:00:21,313 ERROR [http-nio-8080-exec-10] c.d.c.a.ExceptionAdvice [ExceptionAdvice.java:29] org.apache.catalina.valves.ErrorReportValve.invoke(ErrorReportValve.java:92)
2022-07-23 15:00:21,313 ERROR [http-nio-8080-exec-10] c.d.c.a.ExceptionAdvice [ExceptionAdvice.java:29] org.apache.catalina.core.StandardEngineValve.invoke(StandardEngineValve.java:78)
2022-07-23 15:00:21,313 ERROR [http-nio-8080-exec-10] c.d.c.a.ExceptionAdvice [ExceptionAdvice.java:29] org.apache.catalina.connector.CoyoteAdapter.service(CoyoteAdapter.java:360)
2022-07-23 15:00:21,313 ERROR [http-nio-8080-exec-10] c.d.c.a.ExceptionAdvice [ExceptionAdvice.java:29] org.apache.coyote.http11.Http11Processor.service(Http11Processor.java:399)
2022-07-23 15:00:21,313 ERROR [http-nio-8080-exec-10] c.d.c.a.ExceptionAdvice [ExceptionAdvice.java:29] org.apache.coyote.AbstractProcessorLight.process(AbstractProcessorLight.java:65)
2022-07-23 15:00:21,313 ERROR [http-nio-8080-exec-10] c.d.c.a.ExceptionAdvice [ExceptionAdvice.java:29] org.apache.coyote.AbstractProtocol$ConnectionHandler.process(AbstractProtocol.java:890)
2022-07-23 15:00:21,314 ERROR [http-nio-8080-exec-10] c.d.c.a.ExceptionAdvice [ExceptionAdvice.java:29] org.apache.tomcat.util.net.NioEndpoint$SocketProcessor.doRun(NioEndpoint.java:1787)
2022-07-23 15:00:21,314 ERROR [http-nio-8080-exec-10] c.d.c.a.ExceptionAdvice [ExceptionAdvice.java:29] org.apache.tomcat.util.net.SocketProcessorBase.run(SocketProcessorBase.java:49)
2022-07-23 15:00:21,314 ERROR [http-nio-8080-exec-10] c.d.c.a.ExceptionAdvice [ExceptionAdvice.java:29] org.apache.tomcat.util.threads.ThreadPoolExecutor.runWorker(ThreadPoolExecutor.java:1191)
2022-07-23 15:00:21,314 ERROR [http-nio-8080-exec-10] c.d.c.a.ExceptionAdvice [ExceptionAdvice.java:29] org.apache.tomcat.util.threads.ThreadPoolExecutor$Worker.run(ThreadPoolExecutor.java:659)
2022-07-23 15:00:21,314 ERROR [http-nio-8080-exec-10] c.d.c.a.ExceptionAdvice [ExceptionAdvice.java:29] org.apache.tomcat.util.threads.TaskThread$WrappingRunnable.run(TaskThread.java:61)
2022-07-23 15:00:21,314 ERROR [http-nio-8080-exec-10] c.d.c.a.ExceptionAdvice [ExceptionAdvice.java:29] java.lang.Thread.run(Thread.java:748)
2022-07-23 15:31:00,913 ERROR [org.springframework.kafka.KafkaListenerEndpointContainer#2-0-C-1] o.a.k.c.c.i.ConsumerCoordinator [AbstractCoordinator.java:1098] [Consumer clientId=consumer-community-consumer-group-1, groupId=community-consumer-group] LeaveGroup request with Generation{generationId=101, memberId='consumer-community-consumer-group-1-049ea621-0f8a-4e9f-b8c8-a77d23204a67', protocol='range'} failed with error: The coordinator is not aware of this member.
2022-07-23 15:31:08,424 ERROR [restartedMain] o.a.c.s.StandardManager [DirectJDKLog.java:175] Exception loading sessions from persistent storage
java.lang.ClassCastException: java.io.ObjectStreamClass cannot be cast to java.lang.String
	at java.io.ObjectInputStream.readTypeString(ObjectInputStream.java:1745)
	at java.io.ObjectStreamClass.readNonProxy(ObjectStreamClass.java:803)
	at java.io.ObjectInputStream.readClassDescriptor(ObjectInputStream.java:961)
	at java.io.ObjectInputStream.readNonProxyDesc(ObjectInputStream.java:1973)
	at java.io.ObjectInputStream.readClassDesc(ObjectInputStream.java:1848)
	at java.io.ObjectInputStream.readOrdinaryObject(ObjectInputStream.java:2158)
	at java.io.ObjectInputStream.readObject0(ObjectInputStream.java:1665)
	at java.io.ObjectInputStream.readObject(ObjectInputStream.java:501)
	at java.io.ObjectInputStream.readObject(ObjectInputStream.java:459)
	at org.apache.catalina.session.StandardSession.doReadObject(StandardSession.java:1608)
	at org.apache.catalina.session.StandardSession.readObjectData(StandardSession.java:1050)
	at org.apache.catalina.session.StandardManager.doLoad(StandardManager.java:219)
	at org.apache.catalina.session.StandardManager.load(StandardManager.java:162)
	at org.apache.catalina.session.StandardManager.startInternal(StandardManager.java:356)
	at org.apache.catalina.util.LifecycleBase.start(LifecycleBase.java:183)
	at org.apache.catalina.core.StandardContext.startInternal(StandardContext.java:5247)
	at org.apache.catalina.util.LifecycleBase.start(LifecycleBase.java:183)
	at org.apache.catalina.core.ContainerBase$StartChild.call(ContainerBase.java:1396)
	at org.apache.catalina.core.ContainerBase$StartChild.call(ContainerBase.java:1386)
	at java.util.concurrent.FutureTask.run$$$capture(FutureTask.java:266)
	at java.util.concurrent.FutureTask.run(FutureTask.java)
	at org.apache.tomcat.util.threads.InlineExecutorService.execute(InlineExecutorService.java:75)
	at java.util.concurrent.AbstractExecutorService.submit(AbstractExecutorService.java:134)
	at org.apache.catalina.core.ContainerBase.startInternal(ContainerBase.java:919)
	at org.apache.catalina.core.StandardHost.startInternal(StandardHost.java:835)
	at org.apache.catalina.util.LifecycleBase.start(LifecycleBase.java:183)
	at org.apache.catalina.core.ContainerBase$StartChild.call(ContainerBase.java:1396)
	at org.apache.catalina.core.ContainerBase$StartChild.call(ContainerBase.java:1386)
	at java.util.concurrent.FutureTask.run$$$capture(FutureTask.java:266)
	at java.util.concurrent.FutureTask.run(FutureTask.java)
	at org.apache.tomcat.util.threads.InlineExecutorService.execute(InlineExecutorService.java:75)
	at java.util.concurrent.AbstractExecutorService.submit(AbstractExecutorService.java:134)
	at org.apache.catalina.core.ContainerBase.startInternal(ContainerBase.java:919)
	at org.apache.catalina.core.StandardEngine.startInternal(StandardEngine.java:263)
	at org.apache.catalina.util.LifecycleBase.start(LifecycleBase.java:183)
	at org.apache.catalina.core.StandardService.startInternal(StandardService.java:432)
	at org.apache.catalina.util.LifecycleBase.start(LifecycleBase.java:183)
	at org.apache.catalina.core.StandardServer.startInternal(StandardServer.java:930)
	at org.apache.catalina.util.LifecycleBase.start(LifecycleBase.java:183)
	at org.apache.catalina.startup.Tomcat.start(Tomcat.java:486)
	at org.springframework.boot.web.embedded.tomcat.TomcatWebServer.initialize(TomcatWebServer.java:123)
	at org.springframework.boot.web.embedded.tomcat.TomcatWebServer.<init>(TomcatWebServer.java:104)
	at org.springframework.boot.web.embedded.tomcat.TomcatServletWebServerFactory.getTomcatWebServer(TomcatServletWebServerFactory.java:479)
	at org.springframework.boot.web.embedded.tomcat.TomcatServletWebServerFactory.getWebServer(TomcatServletWebServerFactory.java:211)
	at org.springframework.boot.web.servlet.context.ServletWebServerApplicationContext.createWebServer(ServletWebServerApplicationContext.java:184)
	at org.springframework.boot.web.servlet.context.ServletWebServerApplicationContext.onRefresh(ServletWebServerApplicationContext.java:162)
	at org.springframework.context.support.AbstractApplicationContext.refresh(AbstractApplicationContext.java:577)
	at org.springframework.boot.web.servlet.context.ServletWebServerApplicationContext.refresh(ServletWebServerApplicationContext.java:147)
	at org.springframework.boot.SpringApplication.refresh(SpringApplication.java:734)
	at org.springframework.boot.SpringApplication.refreshContext(SpringApplication.java:408)
	at org.springframework.boot.SpringApplication.run(SpringApplication.java:308)
	at org.springframework.boot.SpringApplication.run(SpringApplication.java:1306)
	at org.springframework.boot.SpringApplication.run(SpringApplication.java:1295)
	at com.deng.community.CommunityApplication.main(CommunityApplication.java:22)
	at sun.reflect.NativeMethodAccessorImpl.invoke0(Native Method)
	at sun.reflect.NativeMethodAccessorImpl.invoke(NativeMethodAccessorImpl.java:62)
	at sun.reflect.DelegatingMethodAccessorImpl.invoke(DelegatingMethodAccessorImpl.java:43)
	at java.lang.reflect.Method.invoke(Method.java:498)
	at org.springframework.boot.devtools.restart.RestartLauncher.run(RestartLauncher.java:49)
2022-07-23 15:34:15,621 ERROR [org.springframework.kafka.KafkaListenerEndpointContainer#2-0-C-1] o.a.k.c.c.i.ConsumerCoordinator [ConsumerCoordinator.java:1216] [Consumer clientId=consumer-community-consumer-group-1, groupId=community-consumer-group] Offset commit failed on partition publish-0 at offset 13: The coordinator is not aware of this member.
2022-07-23 15:34:15,621 ERROR [org.springframework.kafka.KafkaListenerEndpointContainer#1-0-C-1] o.a.k.c.c.i.ConsumerCoordinator [ConsumerCoordinator.java:1216] [Consumer clientId=consumer-community-consumer-group-3, groupId=community-consumer-group] Offset commit failed on partition delete-0 at offset 2: The coordinator is not aware of this member.
2022-07-23 15:34:15,623 ERROR [org.springframework.kafka.KafkaListenerEndpointContainer#0-0-C-1] o.a.k.c.c.i.ConsumerCoordinator [ConsumerCoordinator.java:1216] [Consumer clientId=consumer-community-consumer-group-2, groupId=community-consumer-group] Offset commit failed on partition like-0 at offset 4: The coordinator is not aware of this member.
2022-07-23 15:34:24,661 ERROR [restartedMain] o.a.c.s.StandardManager [DirectJDKLog.java:175] Exception loading sessions from persistent storage
java.lang.ClassCastException: java.io.ObjectStreamClass cannot be cast to java.lang.String
	at java.io.ObjectInputStream.readTypeString(ObjectInputStream.java:1745)
	at java.io.ObjectStreamClass.readNonProxy(ObjectStreamClass.java:803)
	at java.io.ObjectInputStream.readClassDescriptor(ObjectInputStream.java:961)
	at java.io.ObjectInputStream.readNonProxyDesc(ObjectInputStream.java:1973)
	at java.io.ObjectInputStream.readClassDesc(ObjectInputStream.java:1848)
	at java.io.ObjectInputStream.readOrdinaryObject(ObjectInputStream.java:2158)
	at java.io.ObjectInputStream.readObject0(ObjectInputStream.java:1665)
	at java.io.ObjectInputStream.readObject(ObjectInputStream.java:501)
	at java.io.ObjectInputStream.readObject(ObjectInputStream.java:459)
	at org.apache.catalina.session.StandardSession.doReadObject(StandardSession.java:1608)
	at org.apache.catalina.session.StandardSession.readObjectData(StandardSession.java:1050)
	at org.apache.catalina.session.StandardManager.doLoad(StandardManager.java:219)
	at org.apache.catalina.session.StandardManager.load(StandardManager.java:162)
	at org.apache.catalina.session.StandardManager.startInternal(StandardManager.java:356)
	at org.apache.catalina.util.LifecycleBase.start(LifecycleBase.java:183)
	at org.apache.catalina.core.StandardContext.startInternal(StandardContext.java:5247)
	at org.apache.catalina.util.LifecycleBase.start(LifecycleBase.java:183)
	at org.apache.catalina.core.ContainerBase$StartChild.call(ContainerBase.java:1396)
	at org.apache.catalina.core.ContainerBase$StartChild.call(ContainerBase.java:1386)
	at java.util.concurrent.FutureTask.run$$$capture(FutureTask.java:266)
	at java.util.concurrent.FutureTask.run(FutureTask.java)
	at org.apache.tomcat.util.threads.InlineExecutorService.execute(InlineExecutorService.java:75)
	at java.util.concurrent.AbstractExecutorService.submit(AbstractExecutorService.java:134)
	at org.apache.catalina.core.ContainerBase.startInternal(ContainerBase.java:919)
	at org.apache.catalina.core.StandardHost.startInternal(StandardHost.java:835)
	at org.apache.catalina.util.LifecycleBase.start(LifecycleBase.java:183)
	at org.apache.catalina.core.ContainerBase$StartChild.call(ContainerBase.java:1396)
	at org.apache.catalina.core.ContainerBase$StartChild.call(ContainerBase.java:1386)
	at java.util.concurrent.FutureTask.run$$$capture(FutureTask.java:266)
	at java.util.concurrent.FutureTask.run(FutureTask.java)
	at org.apache.tomcat.util.threads.InlineExecutorService.execute(InlineExecutorService.java:75)
	at java.util.concurrent.AbstractExecutorService.submit(AbstractExecutorService.java:134)
	at org.apache.catalina.core.ContainerBase.startInternal(ContainerBase.java:919)
	at org.apache.catalina.core.StandardEngine.startInternal(StandardEngine.java:263)
	at org.apache.catalina.util.LifecycleBase.start(LifecycleBase.java:183)
	at org.apache.catalina.core.StandardService.startInternal(StandardService.java:432)
	at org.apache.catalina.util.LifecycleBase.start(LifecycleBase.java:183)
	at org.apache.catalina.core.StandardServer.startInternal(StandardServer.java:930)
	at org.apache.catalina.util.LifecycleBase.start(LifecycleBase.java:183)
	at org.apache.catalina.startup.Tomcat.start(Tomcat.java:486)
	at org.springframework.boot.web.embedded.tomcat.TomcatWebServer.initialize(TomcatWebServer.java:123)
	at org.springframework.boot.web.embedded.tomcat.TomcatWebServer.<init>(TomcatWebServer.java:104)
	at org.springframework.boot.web.embedded.tomcat.TomcatServletWebServerFactory.getTomcatWebServer(TomcatServletWebServerFactory.java:479)
	at org.springframework.boot.web.embedded.tomcat.TomcatServletWebServerFactory.getWebServer(TomcatServletWebServerFactory.java:211)
	at org.springframework.boot.web.servlet.context.ServletWebServerApplicationContext.createWebServer(ServletWebServerApplicationContext.java:184)
	at org.springframework.boot.web.servlet.context.ServletWebServerApplicationContext.onRefresh(ServletWebServerApplicationContext.java:162)
	at org.springframework.context.support.AbstractApplicationContext.refresh(AbstractApplicationContext.java:577)
	at org.springframework.boot.web.servlet.context.ServletWebServerApplicationContext.refresh(ServletWebServerApplicationContext.java:147)
	at org.springframework.boot.SpringApplication.refresh(SpringApplication.java:734)
	at org.springframework.boot.SpringApplication.refreshContext(SpringApplication.java:408)
	at org.springframework.boot.SpringApplication.run(SpringApplication.java:308)
	at org.springframework.boot.SpringApplication.run(SpringApplication.java:1306)
	at org.springframework.boot.SpringApplication.run(SpringApplication.java:1295)
	at com.deng.community.CommunityApplication.main(CommunityApplication.java:22)
	at sun.reflect.NativeMethodAccessorImpl.invoke0(Native Method)
	at sun.reflect.NativeMethodAccessorImpl.invoke(NativeMethodAccessorImpl.java:62)
	at sun.reflect.DelegatingMethodAccessorImpl.invoke(DelegatingMethodAccessorImpl.java:43)
	at java.lang.reflect.Method.invoke(Method.java:498)
	at org.springframework.boot.devtools.restart.RestartLauncher.run(RestartLauncher.java:49)
2022-07-23 15:35:59,113 ERROR [org.springframework.kafka.KafkaListenerEndpointContainer#0-0-C-1] o.a.k.c.c.i.ConsumerCoordinator [ConsumerCoordinator.java:1216] [Consumer clientId=consumer-community-consumer-group-2, groupId=community-consumer-group] Offset commit failed on partition delete-0 at offset 2: The coordinator is not aware of this member.
2022-07-23 15:35:59,114 ERROR [org.springframework.kafka.KafkaListenerEndpointContainer#1-0-C-1] o.a.k.c.c.i.ConsumerCoordinator [ConsumerCoordinator.java:1216] [Consumer clientId=consumer-community-consumer-group-3, groupId=community-consumer-group] Offset commit failed on partition like-0 at offset 4: The coordinator is not aware of this member.
2022-07-23 15:35:59,115 ERROR [org.springframework.kafka.KafkaListenerEndpointContainer#2-0-C-1] o.a.k.c.c.i.ConsumerCoordinator [ConsumerCoordinator.java:1216] [Consumer clientId=consumer-community-consumer-group-1, groupId=community-consumer-group] Offset commit failed on partition publish-0 at offset 13: The coordinator is not aware of this member.
2022-07-23 18:00:27,442 ERROR [http-nio-8080-exec-6] c.d.c.a.ExceptionAdvice [ExceptionAdvice.java:27] 服务器发生异常: Unknown redis exception; nested exception is java.lang.IllegalArgumentException: Sourcekeys must not be empty
2022-07-23 18:00:27,443 ERROR [http-nio-8080-exec-6] c.d.c.a.ExceptionAdvice [ExceptionAdvice.java:29] org.springframework.data.redis.FallbackExceptionTranslationStrategy.getFallback(FallbackExceptionTranslationStrategy.java:53)
2022-07-23 18:00:27,443 ERROR [http-nio-8080-exec-6] c.d.c.a.ExceptionAdvice [ExceptionAdvice.java:29] org.springframework.data.redis.FallbackExceptionTranslationStrategy.translate(FallbackExceptionTranslationStrategy.java:43)
2022-07-23 18:00:27,444 ERROR [http-nio-8080-exec-6] c.d.c.a.ExceptionAdvice [ExceptionAdvice.java:29] org.springframework.data.redis.connection.lettuce.LettuceConnection.convertLettuceAccessException(LettuceConnection.java:273)
2022-07-23 18:00:27,444 ERROR [http-nio-8080-exec-6] c.d.c.a.ExceptionAdvice [ExceptionAdvice.java:29] org.springframework.data.redis.connection.lettuce.LettuceConnection.lambda$doInvoke$4(LettuceConnection.java:938)
2022-07-23 18:00:27,444 ERROR [http-nio-8080-exec-6] c.d.c.a.ExceptionAdvice [ExceptionAdvice.java:29] org.springframework.data.redis.connection.lettuce.LettuceInvoker$Synchronizer.invoke(LettuceInvoker.java:665)
2022-07-23 18:00:27,444 ERROR [http-nio-8080-exec-6] c.d.c.a.ExceptionAdvice [ExceptionAdvice.java:29] org.springframework.data.redis.connection.lettuce.LettuceInvoker.just(LettuceInvoker.java:109)
2022-07-23 18:00:27,444 ERROR [http-nio-8080-exec-6] c.d.c.a.ExceptionAdvice [ExceptionAdvice.java:29] org.springframework.data.redis.connection.lettuce.LettuceHyperLogLogCommands.pfMerge(LettuceHyperLogLogCommands.java:73)
2022-07-23 18:00:27,445 ERROR [http-nio-8080-exec-6] c.d.c.a.ExceptionAdvice [ExceptionAdvice.java:29] org.springframework.data.redis.connection.DefaultedRedisConnection.pfMerge(DefaultedRedisConnection.java:1582)
2022-07-23 18:00:27,445 ERROR [http-nio-8080-exec-6] c.d.c.a.ExceptionAdvice [ExceptionAdvice.java:29] org.springframework.data.redis.core.DefaultHyperLogLogOperations.lambda$union$2(DefaultHyperLogLogOperations.java:66)
2022-07-23 18:00:27,445 ERROR [http-nio-8080-exec-6] c.d.c.a.ExceptionAdvice [ExceptionAdvice.java:29] org.springframework.data.redis.core.RedisTemplate.execute(RedisTemplate.java:224)
2022-07-23 18:00:27,445 ERROR [http-nio-8080-exec-6] c.d.c.a.ExceptionAdvice [ExceptionAdvice.java:29] org.springframework.data.redis.core.RedisTemplate.execute(RedisTemplate.java:191)
2022-07-23 18:00:27,445 ERROR [http-nio-8080-exec-6] c.d.c.a.ExceptionAdvice [ExceptionAdvice.java:29] org.springframework.data.redis.core.AbstractOperations.execute(AbstractOperations.java:97)
2022-07-23 18:00:27,445 ERROR [http-nio-8080-exec-6] c.d.c.a.ExceptionAdvice [ExceptionAdvice.java:29] org.springframework.data.redis.core.DefaultHyperLogLogOperations.union(DefaultHyperLogLogOperations.java:64)
2022-07-23 18:00:27,446 ERROR [http-nio-8080-exec-6] c.d.c.a.ExceptionAdvice [ExceptionAdvice.java:29] com.deng.community.service.DataService.calculateUV(DataService.java:50)
2022-07-23 18:00:27,446 ERROR [http-nio-8080-exec-6] c.d.c.a.ExceptionAdvice [ExceptionAdvice.java:29] com.deng.community.service.DataService$$FastClassBySpringCGLIB$$fbe71ee6.invoke(<generated>)
2022-07-23 18:00:27,446 ERROR [http-nio-8080-exec-6] c.d.c.a.ExceptionAdvice [ExceptionAdvice.java:29] org.springframework.cglib.proxy.MethodProxy.invoke(MethodProxy.java:218)
2022-07-23 18:00:27,446 ERROR [http-nio-8080-exec-6] c.d.c.a.ExceptionAdvice [ExceptionAdvice.java:29] org.springframework.aop.framework.CglibAopProxy$CglibMethodInvocation.invokeJoinpoint(CglibAopProxy.java:793)
2022-07-23 18:00:27,446 ERROR [http-nio-8080-exec-6] c.d.c.a.ExceptionAdvice [ExceptionAdvice.java:29] org.springframework.aop.framework.ReflectiveMethodInvocation.proceed(ReflectiveMethodInvocation.java:163)
2022-07-23 18:00:27,446 ERROR [http-nio-8080-exec-6] c.d.c.a.ExceptionAdvice [ExceptionAdvice.java:29] org.springframework.aop.framework.CglibAopProxy$CglibMethodInvocation.proceed(CglibAopProxy.java:763)
2022-07-23 18:00:27,446 ERROR [http-nio-8080-exec-6] c.d.c.a.ExceptionAdvice [ExceptionAdvice.java:29] org.springframework.aop.framework.adapter.MethodBeforeAdviceInterceptor.invoke(MethodBeforeAdviceInterceptor.java:58)
2022-07-23 18:00:27,446 ERROR [http-nio-8080-exec-6] c.d.c.a.ExceptionAdvice [ExceptionAdvice.java:29] org.springframework.aop.framework.ReflectiveMethodInvocation.proceed(ReflectiveMethodInvocation.java:186)
2022-07-23 18:00:27,447 ERROR [http-nio-8080-exec-6] c.d.c.a.ExceptionAdvice [ExceptionAdvice.java:29] org.springframework.aop.framework.CglibAopProxy$CglibMethodInvocation.proceed(CglibAopProxy.java:763)
2022-07-23 18:00:27,447 ERROR [http-nio-8080-exec-6] c.d.c.a.ExceptionAdvice [ExceptionAdvice.java:29] org.springframework.aop.interceptor.ExposeInvocationInterceptor.invoke(ExposeInvocationInterceptor.java:97)
2022-07-23 18:00:27,447 ERROR [http-nio-8080-exec-6] c.d.c.a.ExceptionAdvice [ExceptionAdvice.java:29] org.springframework.aop.framework.ReflectiveMethodInvocation.proceed(ReflectiveMethodInvocation.java:186)
2022-07-23 18:00:27,447 ERROR [http-nio-8080-exec-6] c.d.c.a.ExceptionAdvice [ExceptionAdvice.java:29] org.springframework.aop.framework.CglibAopProxy$CglibMethodInvocation.proceed(CglibAopProxy.java:763)
2022-07-23 18:00:27,447 ERROR [http-nio-8080-exec-6] c.d.c.a.ExceptionAdvice [ExceptionAdvice.java:29] org.springframework.aop.framework.CglibAopProxy$DynamicAdvisedInterceptor.intercept(CglibAopProxy.java:708)
2022-07-23 18:00:27,447 ERROR [http-nio-8080-exec-6] c.d.c.a.ExceptionAdvice [ExceptionAdvice.java:29] com.deng.community.service.DataService$$EnhancerBySpringCGLIB$$bee550c2.calculateUV(<generated>)
2022-07-23 18:00:27,447 ERROR [http-nio-8080-exec-6] c.d.c.a.ExceptionAdvice [ExceptionAdvice.java:29] com.deng.community.controller.DataController.getUV(DataController.java:29)
2022-07-23 18:00:27,447 ERROR [http-nio-8080-exec-6] c.d.c.a.ExceptionAdvice [ExceptionAdvice.java:29] sun.reflect.NativeMethodAccessorImpl.invoke0(Native Method)
2022-07-23 18:00:27,448 ERROR [http-nio-8080-exec-6] c.d.c.a.ExceptionAdvice [ExceptionAdvice.java:29] sun.reflect.NativeMethodAccessorImpl.invoke(NativeMethodAccessorImpl.java:62)
2022-07-23 18:00:27,448 ERROR [http-nio-8080-exec-6] c.d.c.a.ExceptionAdvice [ExceptionAdvice.java:29] sun.reflect.DelegatingMethodAccessorImpl.invoke(DelegatingMethodAccessorImpl.java:43)
2022-07-23 18:00:27,448 ERROR [http-nio-8080-exec-6] c.d.c.a.ExceptionAdvice [ExceptionAdvice.java:29] java.lang.reflect.Method.invoke(Method.java:498)
2022-07-23 18:00:27,448 ERROR [http-nio-8080-exec-6] c.d.c.a.ExceptionAdvice [ExceptionAdvice.java:29] org.springframework.web.method.support.InvocableHandlerMethod.doInvoke(InvocableHandlerMethod.java:205)
2022-07-23 18:00:27,448 ERROR [http-nio-8080-exec-6] c.d.c.a.ExceptionAdvice [ExceptionAdvice.java:29] org.springframework.web.method.support.InvocableHandlerMethod.invokeForRequest(InvocableHandlerMethod.java:150)
2022-07-23 18:00:27,448 ERROR [http-nio-8080-exec-6] c.d.c.a.ExceptionAdvice [ExceptionAdvice.java:29] org.springframework.web.servlet.mvc.method.annotation.ServletInvocableHandlerMethod.invokeAndHandle(ServletInvocableHandlerMethod.java:117)
2022-07-23 18:00:27,448 ERROR [http-nio-8080-exec-6] c.d.c.a.ExceptionAdvice [ExceptionAdvice.java:29] org.springframework.web.servlet.mvc.method.annotation.RequestMappingHandlerAdapter.invokeHandlerMethod(RequestMappingHandlerAdapter.java:895)
2022-07-23 18:00:27,448 ERROR [http-nio-8080-exec-6] c.d.c.a.ExceptionAdvice [ExceptionAdvice.java:29] org.springframework.web.servlet.mvc.method.annotation.RequestMappingHandlerAdapter.handleInternal(RequestMappingHandlerAdapter.java:808)
2022-07-23 18:00:27,448 ERROR [http-nio-8080-exec-6] c.d.c.a.ExceptionAdvice [ExceptionAdvice.java:29] org.springframework.web.servlet.mvc.method.AbstractHandlerMethodAdapter.handle(AbstractHandlerMethodAdapter.java:87)
2022-07-23 18:00:27,449 ERROR [http-nio-8080-exec-6] c.d.c.a.ExceptionAdvice [ExceptionAdvice.java:29] org.springframework.web.servlet.DispatcherServlet.doDispatch(DispatcherServlet.java:1067)
2022-07-23 18:00:27,449 ERROR [http-nio-8080-exec-6] c.d.c.a.ExceptionAdvice [ExceptionAdvice.java:29] org.springframework.web.servlet.DispatcherServlet.doService(DispatcherServlet.java:963)
2022-07-23 18:00:27,449 ERROR [http-nio-8080-exec-6] c.d.c.a.ExceptionAdvice [ExceptionAdvice.java:29] org.springframework.web.servlet.FrameworkServlet.processRequest(FrameworkServlet.java:1006)
2022-07-23 18:00:27,449 ERROR [http-nio-8080-exec-6] c.d.c.a.ExceptionAdvice [ExceptionAdvice.java:29] org.springframework.web.servlet.FrameworkServlet.doPost(FrameworkServlet.java:909)
2022-07-23 18:00:27,449 ERROR [http-nio-8080-exec-6] c.d.c.a.ExceptionAdvice [ExceptionAdvice.java:29] javax.servlet.http.HttpServlet.service(HttpServlet.java:681)
2022-07-23 18:00:27,449 ERROR [http-nio-8080-exec-6] c.d.c.a.ExceptionAdvice [ExceptionAdvice.java:29] org.springframework.web.servlet.FrameworkServlet.service(FrameworkServlet.java:883)
2022-07-23 18:00:27,450 ERROR [http-nio-8080-exec-6] c.d.c.a.ExceptionAdvice [ExceptionAdvice.java:29] javax.servlet.http.HttpServlet.service(HttpServlet.java:764)
2022-07-23 18:00:27,450 ERROR [http-nio-8080-exec-6] c.d.c.a.ExceptionAdvice [ExceptionAdvice.java:29] org.apache.catalina.core.ApplicationFilterChain.internalDoFilter(ApplicationFilterChain.java:227)
2022-07-23 18:00:27,450 ERROR [http-nio-8080-exec-6] c.d.c.a.ExceptionAdvice [ExceptionAdvice.java:29] org.apache.catalina.core.ApplicationFilterChain.doFilter(ApplicationFilterChain.java:162)
2022-07-23 18:00:27,450 ERROR [http-nio-8080-exec-6] c.d.c.a.ExceptionAdvice [ExceptionAdvice.java:29] org.apache.tomcat.websocket.server.WsFilter.doFilter(WsFilter.java:53)
2022-07-23 18:00:27,450 ERROR [http-nio-8080-exec-6] c.d.c.a.ExceptionAdvice [ExceptionAdvice.java:29] org.apache.catalina.core.ApplicationFilterChain.internalDoFilter(ApplicationFilterChain.java:189)
2022-07-23 18:00:27,450 ERROR [http-nio-8080-exec-6] c.d.c.a.ExceptionAdvice [ExceptionAdvice.java:29] org.apache.catalina.core.ApplicationFilterChain.doFilter(ApplicationFilterChain.java:162)
2022-07-23 18:00:27,450 ERROR [http-nio-8080-exec-6] c.d.c.a.ExceptionAdvice [ExceptionAdvice.java:29] org.springframework.security.web.FilterChainProxy$VirtualFilterChain.doFilter(FilterChainProxy.java:327)
2022-07-23 18:00:27,451 ERROR [http-nio-8080-exec-6] c.d.c.a.ExceptionAdvice [ExceptionAdvice.java:29] org.springframework.security.web.access.intercept.FilterSecurityInterceptor.invoke(FilterSecurityInterceptor.java:115)
2022-07-23 18:00:27,451 ERROR [http-nio-8080-exec-6] c.d.c.a.ExceptionAdvice [ExceptionAdvice.java:29] org.springframework.security.web.access.intercept.FilterSecurityInterceptor.doFilter(FilterSecurityInterceptor.java:81)
2022-07-23 18:00:27,451 ERROR [http-nio-8080-exec-6] c.d.c.a.ExceptionAdvice [ExceptionAdvice.java:29] org.springframework.security.web.FilterChainProxy$VirtualFilterChain.doFilter(FilterChainProxy.java:336)
2022-07-23 18:00:27,451 ERROR [http-nio-8080-exec-6] c.d.c.a.ExceptionAdvice [ExceptionAdvice.java:29] org.springframework.security.web.access.ExceptionTranslationFilter.doFilter(ExceptionTranslationFilter.java:122)
2022-07-23 18:00:27,451 ERROR [http-nio-8080-exec-6] c.d.c.a.ExceptionAdvice [ExceptionAdvice.java:29] org.springframework.security.web.access.ExceptionTranslationFilter.doFilter(ExceptionTranslationFilter.java:116)
2022-07-23 18:00:27,451 ERROR [http-nio-8080-exec-6] c.d.c.a.ExceptionAdvice [ExceptionAdvice.java:29] org.springframework.security.web.FilterChainProxy$VirtualFilterChain.doFilter(FilterChainProxy.java:336)
2022-07-23 18:00:27,451 ERROR [http-nio-8080-exec-6] c.d.c.a.ExceptionAdvice [ExceptionAdvice.java:29] org.springframework.security.web.session.SessionManagementFilter.doFilter(SessionManagementFilter.java:126)
2022-07-23 18:00:27,451 ERROR [http-nio-8080-exec-6] c.d.c.a.ExceptionAdvice [ExceptionAdvice.java:29] org.springframework.security.web.session.SessionManagementFilter.doFilter(SessionManagementFilter.java:81)
2022-07-23 18:00:27,451 ERROR [http-nio-8080-exec-6] c.d.c.a.ExceptionAdvice [ExceptionAdvice.java:29] org.springframework.security.web.FilterChainProxy$VirtualFilterChain.doFilter(FilterChainProxy.java:336)
2022-07-23 18:00:27,452 ERROR [http-nio-8080-exec-6] c.d.c.a.ExceptionAdvice [ExceptionAdvice.java:29] org.springframework.security.web.authentication.AnonymousAuthenticationFilter.doFilter(AnonymousAuthenticationFilter.java:109)
2022-07-23 18:00:27,452 ERROR [http-nio-8080-exec-6] c.d.c.a.ExceptionAdvice [ExceptionAdvice.java:29] org.springframework.security.web.FilterChainProxy$VirtualFilterChain.doFilter(FilterChainProxy.java:336)
2022-07-23 18:00:27,452 ERROR [http-nio-8080-exec-6] c.d.c.a.ExceptionAdvice [ExceptionAdvice.java:29] org.springframework.security.web.servletapi.SecurityContextHolderAwareRequestFilter.doFilter(SecurityContextHolderAwareRequestFilter.java:149)
2022-07-23 18:00:27,452 ERROR [http-nio-8080-exec-6] c.d.c.a.ExceptionAdvice [ExceptionAdvice.java:29] org.springframework.security.web.FilterChainProxy$VirtualFilterChain.doFilter(FilterChainProxy.java:336)
2022-07-23 18:00:27,452 ERROR [http-nio-8080-exec-6] c.d.c.a.ExceptionAdvice [ExceptionAdvice.java:29] org.springframework.security.web.savedrequest.RequestCacheAwareFilter.doFilter(RequestCacheAwareFilter.java:63)
2022-07-23 18:00:27,452 ERROR [http-nio-8080-exec-6] c.d.c.a.ExceptionAdvice [ExceptionAdvice.java:29] org.springframework.security.web.FilterChainProxy$VirtualFilterChain.doFilter(FilterChainProxy.java:336)
2022-07-23 18:00:27,452 ERROR [http-nio-8080-exec-6] c.d.c.a.ExceptionAdvice [ExceptionAdvice.java:29] org.springframework.security.web.authentication.logout.LogoutFilter.doFilter(LogoutFilter.java:103)
2022-07-23 18:00:27,452 ERROR [http-nio-8080-exec-6] c.d.c.a.ExceptionAdvice [ExceptionAdvice.java:29] org.springframework.security.web.authentication.logout.LogoutFilter.doFilter(LogoutFilter.java:89)
2022-07-23 18:00:27,452 ERROR [http-nio-8080-exec-6] c.d.c.a.ExceptionAdvice [ExceptionAdvice.java:29] org.springframework.security.web.FilterChainProxy$VirtualFilterChain.doFilter(FilterChainProxy.java:336)
2022-07-23 18:00:27,453 ERROR [http-nio-8080-exec-6] c.d.c.a.ExceptionAdvice [ExceptionAdvice.java:29] org.springframework.security.web.header.HeaderWriterFilter.doHeadersAfter(HeaderWriterFilter.java:90)
2022-07-23 18:00:27,453 ERROR [http-nio-8080-exec-6] c.d.c.a.ExceptionAdvice [ExceptionAdvice.java:29] org.springframework.security.web.header.HeaderWriterFilter.doFilterInternal(HeaderWriterFilter.java:75)
2022-07-23 18:00:27,453 ERROR [http-nio-8080-exec-6] c.d.c.a.ExceptionAdvice [ExceptionAdvice.java:29] org.springframework.web.filter.OncePerRequestFilter.doFilter(OncePerRequestFilter.java:117)
2022-07-23 18:00:27,453 ERROR [http-nio-8080-exec-6] c.d.c.a.ExceptionAdvice [ExceptionAdvice.java:29] org.springframework.security.web.FilterChainProxy$VirtualFilterChain.doFilter(FilterChainProxy.java:336)
2022-07-23 18:00:27,453 ERROR [http-nio-8080-exec-6] c.d.c.a.ExceptionAdvice [ExceptionAdvice.java:29] org.springframework.security.web.context.SecurityContextPersistenceFilter.doFilter(SecurityContextPersistenceFilter.java:112)
2022-07-23 18:00:27,453 ERROR [http-nio-8080-exec-6] c.d.c.a.ExceptionAdvice [ExceptionAdvice.java:29] org.springframework.security.web.context.SecurityContextPersistenceFilter.doFilter(SecurityContextPersistenceFilter.java:82)
2022-07-23 18:00:27,453 ERROR [http-nio-8080-exec-6] c.d.c.a.ExceptionAdvice [ExceptionAdvice.java:29] org.springframework.security.web.FilterChainProxy$VirtualFilterChain.doFilter(FilterChainProxy.java:336)
2022-07-23 18:00:27,453 ERROR [http-nio-8080-exec-6] c.d.c.a.ExceptionAdvice [ExceptionAdvice.java:29] org.springframework.security.web.context.request.async.WebAsyncManagerIntegrationFilter.doFilterInternal(WebAsyncManagerIntegrationFilter.java:55)
2022-07-23 18:00:27,454 ERROR [http-nio-8080-exec-6] c.d.c.a.ExceptionAdvice [ExceptionAdvice.java:29] org.springframework.web.filter.OncePerRequestFilter.doFilter(OncePerRequestFilter.java:117)
2022-07-23 18:00:27,455 ERROR [http-nio-8080-exec-6] c.d.c.a.ExceptionAdvice [ExceptionAdvice.java:29] org.springframework.security.web.FilterChainProxy$VirtualFilterChain.doFilter(FilterChainProxy.java:336)
2022-07-23 18:00:27,455 ERROR [http-nio-8080-exec-6] c.d.c.a.ExceptionAdvice [ExceptionAdvice.java:29] org.springframework.security.web.session.DisableEncodeUrlFilter.doFilterInternal(DisableEncodeUrlFilter.java:42)
2022-07-23 18:00:27,455 ERROR [http-nio-8080-exec-6] c.d.c.a.ExceptionAdvice [ExceptionAdvice.java:29] org.springframework.web.filter.OncePerRequestFilter.doFilter(OncePerRequestFilter.java:117)
2022-07-23 18:00:27,455 ERROR [http-nio-8080-exec-6] c.d.c.a.ExceptionAdvice [ExceptionAdvice.java:29] org.springframework.security.web.FilterChainProxy$VirtualFilterChain.doFilter(FilterChainProxy.java:336)
2022-07-23 18:00:27,455 ERROR [http-nio-8080-exec-6] c.d.c.a.ExceptionAdvice [ExceptionAdvice.java:29] org.springframework.security.web.FilterChainProxy.doFilterInternal(FilterChainProxy.java:211)
2022-07-23 18:00:27,455 ERROR [http-nio-8080-exec-6] c.d.c.a.ExceptionAdvice [ExceptionAdvice.java:29] org.springframework.security.web.FilterChainProxy.doFilter(FilterChainProxy.java:183)
2022-07-23 18:00:27,455 ERROR [http-nio-8080-exec-6] c.d.c.a.ExceptionAdvice [ExceptionAdvice.java:29] org.springframework.web.filter.DelegatingFilterProxy.invokeDelegate(DelegatingFilterProxy.java:354)
2022-07-23 18:00:27,455 ERROR [http-nio-8080-exec-6] c.d.c.a.ExceptionAdvice [ExceptionAdvice.java:29] org.springframework.web.filter.DelegatingFilterProxy.doFilter(DelegatingFilterProxy.java:267)
2022-07-23 18:00:27,456 ERROR [http-nio-8080-exec-6] c.d.c.a.ExceptionAdvice [ExceptionAdvice.java:29] org.apache.catalina.core.ApplicationFilterChain.internalDoFilter(ApplicationFilterChain.java:189)
2022-07-23 18:00:27,456 ERROR [http-nio-8080-exec-6] c.d.c.a.ExceptionAdvice [ExceptionAdvice.java:29] org.apache.catalina.core.ApplicationFilterChain.doFilter(ApplicationFilterChain.java:162)
2022-07-23 18:00:27,456 ERROR [http-nio-8080-exec-6] c.d.c.a.ExceptionAdvice [ExceptionAdvice.java:29] org.springframework.web.filter.RequestContextFilter.doFilterInternal(RequestContextFilter.java:100)
2022-07-23 18:00:27,456 ERROR [http-nio-8080-exec-6] c.d.c.a.ExceptionAdvice [ExceptionAdvice.java:29] org.springframework.web.filter.OncePerRequestFilter.doFilter(OncePerRequestFilter.java:117)
2022-07-23 18:00:27,456 ERROR [http-nio-8080-exec-6] c.d.c.a.ExceptionAdvice [ExceptionAdvice.java:29] org.apache.catalina.core.ApplicationFilterChain.internalDoFilter(ApplicationFilterChain.java:189)
2022-07-23 18:00:27,456 ERROR [http-nio-8080-exec-6] c.d.c.a.ExceptionAdvice [ExceptionAdvice.java:29] org.apache.catalina.core.ApplicationFilterChain.doFilter(ApplicationFilterChain.java:162)
2022-07-23 18:00:27,456 ERROR [http-nio-8080-exec-6] c.d.c.a.ExceptionAdvice [ExceptionAdvice.java:29] org.springframework.web.filter.FormContentFilter.doFilterInternal(FormContentFilter.java:93)
2022-07-23 18:00:27,456 ERROR [http-nio-8080-exec-6] c.d.c.a.ExceptionAdvice [ExceptionAdvice.java:29] org.springframework.web.filter.OncePerRequestFilter.doFilter(OncePerRequestFilter.java:117)
2022-07-23 18:00:27,456 ERROR [http-nio-8080-exec-6] c.d.c.a.ExceptionAdvice [ExceptionAdvice.java:29] org.apache.catalina.core.ApplicationFilterChain.internalDoFilter(ApplicationFilterChain.java:189)
2022-07-23 18:00:27,456 ERROR [http-nio-8080-exec-6] c.d.c.a.ExceptionAdvice [ExceptionAdvice.java:29] org.apache.catalina.core.ApplicationFilterChain.doFilter(ApplicationFilterChain.java:162)
2022-07-23 18:00:27,456 ERROR [http-nio-8080-exec-6] c.d.c.a.ExceptionAdvice [ExceptionAdvice.java:29] org.springframework.web.filter.CharacterEncodingFilter.doFilterInternal(CharacterEncodingFilter.java:201)
2022-07-23 18:00:27,457 ERROR [http-nio-8080-exec-6] c.d.c.a.ExceptionAdvice [ExceptionAdvice.java:29] org.springframework.web.filter.OncePerRequestFilter.doFilter(OncePerRequestFilter.java:117)
2022-07-23 18:00:27,457 ERROR [http-nio-8080-exec-6] c.d.c.a.ExceptionAdvice [ExceptionAdvice.java:29] org.apache.catalina.core.ApplicationFilterChain.internalDoFilter(ApplicationFilterChain.java:189)
2022-07-23 18:00:27,457 ERROR [http-nio-8080-exec-6] c.d.c.a.ExceptionAdvice [ExceptionAdvice.java:29] org.apache.catalina.core.ApplicationFilterChain.doFilter(ApplicationFilterChain.java:162)
2022-07-23 18:00:27,457 ERROR [http-nio-8080-exec-6] c.d.c.a.ExceptionAdvice [ExceptionAdvice.java:29] org.apache.catalina.core.StandardWrapperValve.invoke(StandardWrapperValve.java:197)
2022-07-23 18:00:27,457 ERROR [http-nio-8080-exec-6] c.d.c.a.ExceptionAdvice [ExceptionAdvice.java:29] org.apache.catalina.core.StandardContextValve.invoke(StandardContextValve.java:97)
2022-07-23 18:00:27,457 ERROR [http-nio-8080-exec-6] c.d.c.a.ExceptionAdvice [ExceptionAdvice.java:29] org.apache.catalina.authenticator.AuthenticatorBase.invoke(AuthenticatorBase.java:541)
2022-07-23 18:00:27,457 ERROR [http-nio-8080-exec-6] c.d.c.a.ExceptionAdvice [ExceptionAdvice.java:29] org.apache.catalina.core.StandardHostValve.invoke(StandardHostValve.java:135)
2022-07-23 18:00:27,457 ERROR [http-nio-8080-exec-6] c.d.c.a.ExceptionAdvice [ExceptionAdvice.java:29] org.apache.catalina.valves.ErrorReportValve.invoke(ErrorReportValve.java:92)
2022-07-23 18:00:27,458 ERROR [http-nio-8080-exec-6] c.d.c.a.ExceptionAdvice [ExceptionAdvice.java:29] org.apache.catalina.core.StandardEngineValve.invoke(StandardEngineValve.java:78)
2022-07-23 18:00:27,458 ERROR [http-nio-8080-exec-6] c.d.c.a.ExceptionAdvice [ExceptionAdvice.java:29] org.apache.catalina.connector.CoyoteAdapter.service(CoyoteAdapter.java:360)
2022-07-23 18:00:27,459 ERROR [http-nio-8080-exec-6] c.d.c.a.ExceptionAdvice [ExceptionAdvice.java:29] org.apache.coyote.http11.Http11Processor.service(Http11Processor.java:399)
2022-07-23 18:00:27,459 ERROR [http-nio-8080-exec-6] c.d.c.a.ExceptionAdvice [ExceptionAdvice.java:29] org.apache.coyote.AbstractProcessorLight.process(AbstractProcessorLight.java:65)
2022-07-23 18:00:27,459 ERROR [http-nio-8080-exec-6] c.d.c.a.ExceptionAdvice [ExceptionAdvice.java:29] org.apache.coyote.AbstractProtocol$ConnectionHandler.process(AbstractProtocol.java:890)
2022-07-23 18:00:27,459 ERROR [http-nio-8080-exec-6] c.d.c.a.ExceptionAdvice [ExceptionAdvice.java:29] org.apache.tomcat.util.net.NioEndpoint$SocketProcessor.doRun(NioEndpoint.java:1787)
2022-07-23 18:00:27,459 ERROR [http-nio-8080-exec-6] c.d.c.a.ExceptionAdvice [ExceptionAdvice.java:29] org.apache.tomcat.util.net.SocketProcessorBase.run(SocketProcessorBase.java:49)
2022-07-23 18:00:27,459 ERROR [http-nio-8080-exec-6] c.d.c.a.ExceptionAdvice [ExceptionAdvice.java:29] org.apache.tomcat.util.threads.ThreadPoolExecutor.runWorker(ThreadPoolExecutor.java:1191)
2022-07-23 18:00:27,459 ERROR [http-nio-8080-exec-6] c.d.c.a.ExceptionAdvice [ExceptionAdvice.java:29] org.apache.tomcat.util.threads.ThreadPoolExecutor$Worker.run(ThreadPoolExecutor.java:659)
2022-07-23 18:00:27,459 ERROR [http-nio-8080-exec-6] c.d.c.a.ExceptionAdvice [ExceptionAdvice.java:29] org.apache.tomcat.util.threads.TaskThread$WrappingRunnable.run(TaskThread.java:61)
2022-07-23 18:00:27,459 ERROR [http-nio-8080-exec-6] c.d.c.a.ExceptionAdvice [ExceptionAdvice.java:29] java.lang.Thread.run(Thread.java:748)
