2022-07-16 12:31:06,878 INFO [main] c.d.c.l.LogTest [StartupInfoLogger.java:55] Starting LogTest using Java 1.8.0_291 on DESKTOP-JTJ35B8 with PID 14024 (started by shinelon in D:\idea\IntelliJ IDEA 2021.1.3\code\98-project\my-project\community)
2022-07-16 12:31:06,886 INFO [main] c.d.c.l.LogTest [SpringApplication.java:634] No active profile set, falling back to 1 default profile: "default"
2022-07-16 12:31:08,592 INFO [main] o.s.b.a.w.s.WelcomePageHandlerMapping [WelcomePageHandlerMapping.java:57] Adding welcome page template: index
2022-07-16 12:31:08,949 INFO [main] c.d.c.l.LogTest [StartupInfoLogger.java:61] Started LogTest in 2.503 seconds (JVM running for 4.024)
2022-07-16 12:31:09,228 INFO [main] c.d.c.l.LogTest [LogTest.java:21] tips
2022-07-16 12:31:50,210 INFO [restartedMain] c.d.c.CommunityApplication [StartupInfoLogger.java:55] Starting CommunityApplication using Java 1.8.0_291 on DESKTOP-JTJ35B8 with PID 14224 (D:\idea\IntelliJ IDEA 2021.1.3\code\98-project\my-project\community\target\classes started by shinelon in D:\idea\IntelliJ IDEA 2021.1.3\code\98-project\my-project\community)
2022-07-16 12:31:50,212 INFO [restartedMain] c.d.c.CommunityApplication [SpringApplication.java:634] No active profile set, falling back to 1 default profile: "default"
2022-07-16 12:31:50,247 INFO [restartedMain] o.s.b.d.e.DevToolsPropertyDefaultsPostProcessor [DeferredLog.java:255] Devtools property defaults active! Set 'spring.devtools.add-properties' to 'false' to disable
2022-07-16 12:31:50,247 INFO [restartedMain] o.s.b.d.e.DevToolsPropertyDefaultsPostProcessor [DeferredLog.java:255] For additional web related logging consider setting the 'logging.level.web' property to 'DEBUG'
2022-07-16 12:31:51,281 INFO [restartedMain] o.s.b.w.e.t.TomcatWebServer [TomcatWebServer.java:108] Tomcat initialized with port(s): 8080 (http)
2022-07-16 12:31:51,288 INFO [restartedMain] o.a.c.h.Http11NioProtocol [DirectJDKLog.java:173] Initializing ProtocolHandler ["http-nio-8080"]
2022-07-16 12:31:51,289 INFO [restartedMain] o.a.c.c.StandardService [DirectJDKLog.java:173] Starting service [Tomcat]
2022-07-16 12:31:51,290 INFO [restartedMain] o.a.c.c.StandardEngine [DirectJDKLog.java:173] Starting Servlet engine: [Apache Tomcat/9.0.64]
2022-07-16 12:31:51,351 INFO [restartedMain] o.a.c.c.C.[.[.[/] [DirectJDKLog.java:173] Initializing Spring embedded WebApplicationContext
2022-07-16 12:31:51,351 INFO [restartedMain] o.s.b.w.s.c.ServletWebServerApplicationContext [ServletWebServerApplicationContext.java:292] Root WebApplicationContext: initialization completed in 1103 ms
2022-07-16 12:31:51,696 INFO [restartedMain] o.s.b.a.w.s.WelcomePageHandlerMapping [WelcomePageHandlerMapping.java:57] Adding welcome page template: index
2022-07-16 12:31:51,843 INFO [restartedMain] o.s.b.d.a.OptionalLiveReloadServer [OptionalLiveReloadServer.java:58] LiveReload server is running on port 35729
2022-07-16 12:31:51,856 INFO [restartedMain] o.a.c.h.Http11NioProtocol [DirectJDKLog.java:173] Starting ProtocolHandler ["http-nio-8080"]
2022-07-16 12:31:51,869 INFO [restartedMain] o.s.b.w.e.t.TomcatWebServer [TomcatWebServer.java:220] Tomcat started on port(s): 8080 (http) with context path ''
2022-07-16 12:31:51,878 INFO [restartedMain] c.d.c.CommunityApplication [StartupInfoLogger.java:61] Started CommunityApplication in 2.086 seconds (JVM running for 3.356)
2022-07-16 12:31:51,908 INFO [http-nio-8080-exec-1] o.a.t.u.h.p.Cookie [DirectJDKLog.java:173] A cookie header was received [timezoneOffset=28800,0;] that contained an invalid cookie. That cookie will be ignored.
 Note: further occurrences of this error will be logged at DEBUG level.
2022-07-16 12:31:51,912 INFO [http-nio-8080-exec-1] o.a.c.c.C.[.[.[/] [DirectJDKLog.java:173] Initializing Spring DispatcherServlet 'dispatcherServlet'
2022-07-16 12:31:51,913 INFO [http-nio-8080-exec-1] o.s.w.s.DispatcherServlet [FrameworkServlet.java:525] Initializing Servlet 'dispatcherServlet'
2022-07-16 12:31:51,913 INFO [http-nio-8080-exec-1] o.s.w.s.DispatcherServlet [FrameworkServlet.java:547] Completed initialization in 0 ms
2022-07-16 12:31:51,966 INFO [http-nio-8080-exec-1] c.z.h.HikariDataSource [HikariDataSource.java:110] HikariPool-1 - Starting...
2022-07-16 12:31:52,649 INFO [http-nio-8080-exec-1] c.z.h.HikariDataSource [HikariDataSource.java:123] HikariPool-1 - Start completed.
