2022-07-23 14:22:15,718 WARN [restartedMain] o.s.b.a.s.s.UserDetailsServiceAutoConfiguration [UserDetailsServiceAutoConfiguration.java:88] 

Using generated security password: 4c80758e-634b-420e-a124-7861ac6af5ea

This generated password is for development use only. Your security configuration must be updated before running your application in production.

2022-07-23 14:22:15,777 WARN [restartedMain] o.s.s.c.a.w.b.WebSecurity [WebSecurity.java:307] You are asking Spring Security to ignore Ant [pattern='/resources/**']. This is not recommended -- please use permitAll via HttpSecurity#authorizeHttpRequests instead.
2022-07-23 14:22:16,566 WARN [org.springframework.kafka.KafkaListenerEndpointContainer#1-0-C-1] o.a.k.c.NetworkClient [NetworkClient.java:1103] [Consumer clientId=consumer-community-consumer-group-3, groupId=community-consumer-group] Error while fetching metadata with correlation id 2 : {delete=LEADER_NOT_AVAILABLE}
2022-07-23 14:22:16,608 WARN [org.springframework.kafka.KafkaListenerEndpointContainer#2-0-C-1] o.a.k.c.NetworkClient [NetworkClient.java:1103] [Consumer clientId=consumer-community-consumer-group-1, groupId=community-consumer-group] Error while fetching metadata with correlation id 10 : {delete=LEADER_NOT_AVAILABLE}
2022-07-23 14:49:16,962 WARN [restartedMain] o.s.b.a.s.s.UserDetailsServiceAutoConfiguration [UserDetailsServiceAutoConfiguration.java:88] 

Using generated security password: eae8f19d-75fd-4fd4-9c02-40c9959b5d2d

This generated password is for development use only. Your security configuration must be updated before running your application in production.

2022-07-23 14:49:17,008 WARN [restartedMain] o.s.s.c.a.w.b.WebSecurity [WebSecurity.java:307] You are asking Spring Security to ignore Ant [pattern='/resources/**']. This is not recommended -- please use permitAll via HttpSecurity#authorizeHttpRequests instead.
2022-07-23 14:49:56,684 WARN [lettuce-nioEventLoop-4-2] i.l.c.p.ConnectionWatchdog [AbstractInternalLogger.java:151] Cannot reconnect to [localhost:6379]: Connection refused: no further information: localhost/127.0.0.1:6379
2022-07-23 14:51:12,221 WARN [restartedMain] o.s.b.a.s.s.UserDetailsServiceAutoConfiguration [UserDetailsServiceAutoConfiguration.java:88] 

Using generated security password: b142da2d-7392-4061-a516-273fc18fa1a7

This generated password is for development use only. Your security configuration must be updated before running your application in production.

2022-07-23 14:51:12,268 WARN [restartedMain] o.s.s.c.a.w.b.WebSecurity [WebSecurity.java:307] You are asking Spring Security to ignore Ant [pattern='/resources/**']. This is not recommended -- please use permitAll via HttpSecurity#authorizeHttpRequests instead.
2022-07-23 14:54:59,729 WARN [restartedMain] o.s.b.a.s.s.UserDetailsServiceAutoConfiguration [UserDetailsServiceAutoConfiguration.java:88] 

Using generated security password: 8348b478-2bb7-4a33-b3a6-2d04383e7c3d

This generated password is for development use only. Your security configuration must be updated before running your application in production.

2022-07-23 14:54:59,781 WARN [restartedMain] o.s.s.c.a.w.b.WebSecurity [WebSecurity.java:307] You are asking Spring Security to ignore Ant [pattern='/resources/**']. This is not recommended -- please use permitAll via HttpSecurity#authorizeHttpRequests instead.
2022-07-23 14:55:39,728 WARN [http-nio-8080-exec-6] o.s.w.s.m.m.a.ExceptionHandlerExceptionResolver [AbstractHandlerExceptionResolver.java:208] Resolved [org.springframework.web.method.annotation.MethodArgumentTypeMismatchException: Failed to convert value of type 'java.lang.String' to required type 'int'; nested exception is java.lang.NumberFormatException: For input string: "profile.html"]
2022-07-23 15:00:21,314 WARN [http-nio-8080-exec-10] o.s.w.s.m.m.a.ExceptionHandlerExceptionResolver [AbstractHandlerExceptionResolver.java:208] Resolved [org.springframework.web.method.annotation.MethodArgumentTypeMismatchException: Failed to convert value of type 'java.lang.String' to required type 'int'; nested exception is java.lang.NumberFormatException: For input string: "profile.html"]
2022-07-23 15:03:32,770 WARN [restartedMain] o.s.b.a.s.s.UserDetailsServiceAutoConfiguration [UserDetailsServiceAutoConfiguration.java:88] 

Using generated security password: dce7b8b1-d20b-4f0a-8dbb-48e1da82b22c

This generated password is for development use only. Your security configuration must be updated before running your application in production.

2022-07-23 15:03:32,815 WARN [restartedMain] o.s.s.c.a.w.b.WebSecurity [WebSecurity.java:307] You are asking Spring Security to ignore Ant [pattern='/resources/**']. This is not recommended -- please use permitAll via HttpSecurity#authorizeHttpRequests instead.
2022-07-23 15:10:51,032 WARN [restartedMain] o.s.b.a.s.s.UserDetailsServiceAutoConfiguration [UserDetailsServiceAutoConfiguration.java:88] 

Using generated security password: cc460a92-cca8-4f36-830e-024da9035bf1

This generated password is for development use only. Your security configuration must be updated before running your application in production.

2022-07-23 15:10:51,096 WARN [restartedMain] o.s.s.c.a.w.b.WebSecurity [WebSecurity.java:307] You are asking Spring Security to ignore Ant [pattern='/resources/**']. This is not recommended -- please use permitAll via HttpSecurity#authorizeHttpRequests instead.
2022-07-23 15:15:30,581 WARN [restartedMain] o.s.b.a.s.s.UserDetailsServiceAutoConfiguration [UserDetailsServiceAutoConfiguration.java:88] 

Using generated security password: 42bb306a-ad0f-48cf-a80f-b4b16a891725

This generated password is for development use only. Your security configuration must be updated before running your application in production.

2022-07-23 15:15:30,627 WARN [restartedMain] o.s.s.c.a.w.b.WebSecurity [WebSecurity.java:307] You are asking Spring Security to ignore Ant [pattern='/resources/**']. This is not recommended -- please use permitAll via HttpSecurity#authorizeHttpRequests instead.
2022-07-23 15:19:44,721 WARN [restartedMain] o.s.b.a.s.s.UserDetailsServiceAutoConfiguration [UserDetailsServiceAutoConfiguration.java:88] 

Using generated security password: 2ba924c1-2f62-41a3-97b4-d57a420412c3

This generated password is for development use only. Your security configuration must be updated before running your application in production.

2022-07-23 15:19:44,768 WARN [restartedMain] o.s.s.c.a.w.b.WebSecurity [WebSecurity.java:307] You are asking Spring Security to ignore Ant [pattern='/resources/**']. This is not recommended -- please use permitAll via HttpSecurity#authorizeHttpRequests instead.
2022-07-23 15:20:08,458 WARN [restartedMain] o.s.b.a.s.s.UserDetailsServiceAutoConfiguration [UserDetailsServiceAutoConfiguration.java:88] 

Using generated security password: 6e6de286-374e-4677-bc6e-4473167a1d96

This generated password is for development use only. Your security configuration must be updated before running your application in production.

2022-07-23 15:20:08,502 WARN [restartedMain] o.s.s.c.a.w.b.WebSecurity [WebSecurity.java:307] You are asking Spring Security to ignore Ant [pattern='/resources/**']. This is not recommended -- please use permitAll via HttpSecurity#authorizeHttpRequests instead.
2022-07-23 15:21:00,928 WARN [restartedMain] o.s.b.a.s.s.UserDetailsServiceAutoConfiguration [UserDetailsServiceAutoConfiguration.java:88] 

Using generated security password: 6b67c318-538c-42fe-90e8-01a3e55ca02a

This generated password is for development use only. Your security configuration must be updated before running your application in production.

2022-07-23 15:21:00,972 WARN [restartedMain] o.s.s.c.a.w.b.WebSecurity [WebSecurity.java:307] You are asking Spring Security to ignore Ant [pattern='/resources/**']. This is not recommended -- please use permitAll via HttpSecurity#authorizeHttpRequests instead.
2022-07-23 15:27:20,957 WARN [restartedMain] o.s.b.a.s.s.UserDetailsServiceAutoConfiguration [UserDetailsServiceAutoConfiguration.java:88] 

Using generated security password: 5f684946-017a-4da3-affa-fba0d27a8ced

This generated password is for development use only. Your security configuration must be updated before running your application in production.

2022-07-23 15:27:21,209 WARN [restartedMain] o.s.s.c.a.w.b.WebSecurity [WebSecurity.java:307] You are asking Spring Security to ignore Ant [pattern='/resources/**']. This is not recommended -- please use permitAll via HttpSecurity#authorizeHttpRequests instead.
2022-07-23 15:31:00,413 WARN [HikariPool-1 housekeeper] c.z.h.p.HikariPool [HikariPool.java:788] HikariPool-1 - Thread starvation or clock leap detected (housekeeper delta=1m8s588ms21µs900ns).
2022-07-23 15:31:08,421 WARN [restartedMain] o.a.c.c.C.[.[.[/community] [DirectJDKLog.java:173] Cannot deserialize session attribute [SPRING_SECURITY_CONTEXT] for session [D3D12E53B56F3B007B891592249A7778]
2022-07-23 15:31:10,947 WARN [restartedMain] o.s.b.a.s.s.UserDetailsServiceAutoConfiguration [UserDetailsServiceAutoConfiguration.java:88] 

Using generated security password: 2b783f18-d969-4fdf-a18d-276d2030ebb6

This generated password is for development use only. Your security configuration must be updated before running your application in production.

2022-07-23 15:31:11,191 WARN [restartedMain] o.s.s.c.a.w.b.WebSecurity [WebSecurity.java:307] You are asking Spring Security to ignore Ant [pattern='/resources/**']. This is not recommended -- please use permitAll via HttpSecurity#authorizeHttpRequests instead.
2022-07-23 15:31:53,009 WARN [restartedMain] o.s.b.a.s.s.UserDetailsServiceAutoConfiguration [UserDetailsServiceAutoConfiguration.java:88] 

Using generated security password: fe035ac1-18c7-443a-9b1f-a2df90a8b44b

This generated password is for development use only. Your security configuration must be updated before running your application in production.

2022-07-23 15:31:53,237 WARN [restartedMain] o.s.s.c.a.w.b.WebSecurity [WebSecurity.java:307] You are asking Spring Security to ignore Ant [pattern='/resources/**']. This is not recommended -- please use permitAll via HttpSecurity#authorizeHttpRequests instead.
2022-07-23 15:34:15,616 WARN [org.springframework.kafka.KafkaListenerEndpointContainer#2-0-C-1] o.a.k.c.c.i.ConsumerCoordinator [ConsumerCoordinator.java:1095] [Consumer clientId=consumer-community-consumer-group-1, groupId=community-consumer-group] Synchronous auto-commit of offsets {publish-0=OffsetAndMetadata{offset=13, leaderEpoch=0, metadata=''}} failed: Offset commit cannot be completed since the consumer is not part of an active group for auto partition assignment; it is likely that the consumer was kicked out of the group.
2022-07-23 15:34:15,622 WARN [org.springframework.kafka.KafkaListenerEndpointContainer#2-0-C-1] o.a.k.c.c.i.ConsumerCoordinator [ConsumerCoordinator.java:1074] [Consumer clientId=consumer-community-consumer-group-1, groupId=community-consumer-group] Asynchronous auto-commit of offsets {publish-0=OffsetAndMetadata{offset=13, leaderEpoch=0, metadata=''}} failed: Offset commit cannot be completed since the consumer member's generation is already stale, meaning it has already participated another rebalance and got a new generation. You can try completing the rebalance by calling poll() and then retry commit again
2022-07-23 15:34:15,622 WARN [org.springframework.kafka.KafkaListenerEndpointContainer#1-0-C-1] o.a.k.c.c.i.ConsumerCoordinator [ConsumerCoordinator.java:1074] [Consumer clientId=consumer-community-consumer-group-3, groupId=community-consumer-group] Asynchronous auto-commit of offsets {delete-0=OffsetAndMetadata{offset=2, leaderEpoch=0, metadata=''}} failed: Commit cannot be completed since the group has already rebalanced and assigned the partitions to another member. This means that the time between subsequent calls to poll() was longer than the configured max.poll.interval.ms, which typically implies that the poll loop is spending too much time message processing. You can address this either by increasing max.poll.interval.ms or by reducing the maximum size of batches returned in poll() with max.poll.records.
2022-07-23 15:34:15,622 WARN [org.springframework.kafka.KafkaListenerEndpointContainer#1-0-C-1] o.a.k.c.c.i.ConsumerCoordinator [ConsumerCoordinator.java:1095] [Consumer clientId=consumer-community-consumer-group-3, groupId=community-consumer-group] Synchronous auto-commit of offsets {delete-0=OffsetAndMetadata{offset=2, leaderEpoch=0, metadata=''}} failed: Offset commit cannot be completed since the consumer is not part of an active group for auto partition assignment; it is likely that the consumer was kicked out of the group.
2022-07-23 15:34:15,624 WARN [org.springframework.kafka.KafkaListenerEndpointContainer#0-0-C-1] o.a.k.c.c.i.ConsumerCoordinator [ConsumerCoordinator.java:1074] [Consumer clientId=consumer-community-consumer-group-2, groupId=community-consumer-group] Asynchronous auto-commit of offsets {comment-0=OffsetAndMetadata{offset=0, leaderEpoch=null, metadata=''}, like-0=OffsetAndMetadata{offset=4, leaderEpoch=0, metadata=''}, follow-0=OffsetAndMetadata{offset=2, leaderEpoch=0, metadata=''}} failed: Commit cannot be completed since the group has already rebalanced and assigned the partitions to another member. This means that the time between subsequent calls to poll() was longer than the configured max.poll.interval.ms, which typically implies that the poll loop is spending too much time message processing. You can address this either by increasing max.poll.interval.ms or by reducing the maximum size of batches returned in poll() with max.poll.records.
2022-07-23 15:34:15,624 WARN [org.springframework.kafka.KafkaListenerEndpointContainer#0-0-C-1] o.a.k.c.c.i.ConsumerCoordinator [ConsumerCoordinator.java:1095] [Consumer clientId=consumer-community-consumer-group-2, groupId=community-consumer-group] Synchronous auto-commit of offsets {comment-0=OffsetAndMetadata{offset=0, leaderEpoch=null, metadata=''}, like-0=OffsetAndMetadata{offset=4, leaderEpoch=0, metadata=''}, follow-0=OffsetAndMetadata{offset=2, leaderEpoch=0, metadata=''}} failed: Offset commit cannot be completed since the consumer is not part of an active group for auto partition assignment; it is likely that the consumer was kicked out of the group.
2022-07-23 15:34:24,658 WARN [restartedMain] o.a.c.c.C.[.[.[/community] [DirectJDKLog.java:173] Cannot deserialize session attribute [SPRING_SECURITY_CONTEXT] for session [BC231E91FCEAD682EEB78CAAA0380D9B]
2022-07-23 15:34:27,212 WARN [restartedMain] o.s.b.a.s.s.UserDetailsServiceAutoConfiguration [UserDetailsServiceAutoConfiguration.java:88] 

Using generated security password: 3e8f7152-d616-47a6-acc9-370bfb0ad46d

This generated password is for development use only. Your security configuration must be updated before running your application in production.

2022-07-23 15:34:27,285 WARN [restartedMain] o.s.s.c.a.w.b.WebSecurity [WebSecurity.java:307] You are asking Spring Security to ignore Ant [pattern='/resources/**']. This is not recommended -- please use permitAll via HttpSecurity#authorizeHttpRequests instead.
2022-07-23 15:35:58,985 WARN [HikariPool-1 housekeeper] c.z.h.p.HikariPool [HikariPool.java:788] HikariPool-1 - Thread starvation or clock leap detected (housekeeper delta=1m20s354ms698µs800ns).
2022-07-23 15:35:59,115 WARN [org.springframework.kafka.KafkaListenerEndpointContainer#0-0-C-1] o.a.k.c.c.i.ConsumerCoordinator [ConsumerCoordinator.java:1074] [Consumer clientId=consumer-community-consumer-group-2, groupId=community-consumer-group] Asynchronous auto-commit of offsets {delete-0=OffsetAndMetadata{offset=2, leaderEpoch=0, metadata=''}} failed: Commit cannot be completed since the group has already rebalanced and assigned the partitions to another member. This means that the time between subsequent calls to poll() was longer than the configured max.poll.interval.ms, which typically implies that the poll loop is spending too much time message processing. You can address this either by increasing max.poll.interval.ms or by reducing the maximum size of batches returned in poll() with max.poll.records.
2022-07-23 15:35:59,115 WARN [org.springframework.kafka.KafkaListenerEndpointContainer#1-0-C-1] o.a.k.c.c.i.ConsumerCoordinator [ConsumerCoordinator.java:1074] [Consumer clientId=consumer-community-consumer-group-3, groupId=community-consumer-group] Asynchronous auto-commit of offsets {comment-0=OffsetAndMetadata{offset=0, leaderEpoch=null, metadata=''}, like-0=OffsetAndMetadata{offset=4, leaderEpoch=0, metadata=''}, follow-0=OffsetAndMetadata{offset=2, leaderEpoch=0, metadata=''}} failed: Commit cannot be completed since the group has already rebalanced and assigned the partitions to another member. This means that the time between subsequent calls to poll() was longer than the configured max.poll.interval.ms, which typically implies that the poll loop is spending too much time message processing. You can address this either by increasing max.poll.interval.ms or by reducing the maximum size of batches returned in poll() with max.poll.records.
2022-07-23 15:35:59,115 WARN [org.springframework.kafka.KafkaListenerEndpointContainer#2-0-C-1] o.a.k.c.c.i.ConsumerCoordinator [ConsumerCoordinator.java:1074] [Consumer clientId=consumer-community-consumer-group-1, groupId=community-consumer-group] Asynchronous auto-commit of offsets {publish-0=OffsetAndMetadata{offset=13, leaderEpoch=0, metadata=''}} failed: Commit cannot be completed since the group has already rebalanced and assigned the partitions to another member. This means that the time between subsequent calls to poll() was longer than the configured max.poll.interval.ms, which typically implies that the poll loop is spending too much time message processing. You can address this either by increasing max.poll.interval.ms or by reducing the maximum size of batches returned in poll() with max.poll.records.
2022-07-23 15:35:59,116 WARN [org.springframework.kafka.KafkaListenerEndpointContainer#0-0-C-1] o.a.k.c.c.i.ConsumerCoordinator [ConsumerCoordinator.java:1095] [Consumer clientId=consumer-community-consumer-group-2, groupId=community-consumer-group] Synchronous auto-commit of offsets {delete-0=OffsetAndMetadata{offset=2, leaderEpoch=0, metadata=''}} failed: Offset commit cannot be completed since the consumer is not part of an active group for auto partition assignment; it is likely that the consumer was kicked out of the group.
2022-07-23 15:35:59,116 WARN [org.springframework.kafka.KafkaListenerEndpointContainer#2-0-C-1] o.a.k.c.c.i.ConsumerCoordinator [ConsumerCoordinator.java:1095] [Consumer clientId=consumer-community-consumer-group-1, groupId=community-consumer-group] Synchronous auto-commit of offsets {publish-0=OffsetAndMetadata{offset=13, leaderEpoch=0, metadata=''}} failed: Offset commit cannot be completed since the consumer is not part of an active group for auto partition assignment; it is likely that the consumer was kicked out of the group.
2022-07-23 15:35:59,116 WARN [org.springframework.kafka.KafkaListenerEndpointContainer#1-0-C-1] o.a.k.c.c.i.ConsumerCoordinator [ConsumerCoordinator.java:1095] [Consumer clientId=consumer-community-consumer-group-3, groupId=community-consumer-group] Synchronous auto-commit of offsets {comment-0=OffsetAndMetadata{offset=0, leaderEpoch=null, metadata=''}, like-0=OffsetAndMetadata{offset=4, leaderEpoch=0, metadata=''}, follow-0=OffsetAndMetadata{offset=2, leaderEpoch=0, metadata=''}} failed: Offset commit cannot be completed since the consumer is not part of an active group for auto partition assignment; it is likely that the consumer was kicked out of the group.
2022-07-23 15:36:06,861 WARN [restartedMain] o.s.b.a.s.s.UserDetailsServiceAutoConfiguration [UserDetailsServiceAutoConfiguration.java:88] 

Using generated security password: a223056b-962f-47ac-bc69-f270d071a430

This generated password is for development use only. Your security configuration must be updated before running your application in production.

2022-07-23 15:36:06,908 WARN [restartedMain] o.s.s.c.a.w.b.WebSecurity [WebSecurity.java:307] You are asking Spring Security to ignore Ant [pattern='/resources/**']. This is not recommended -- please use permitAll via HttpSecurity#authorizeHttpRequests instead.
2022-07-23 15:36:14,293 WARN [restartedMain] o.a.c.c.C.[.[.[/community] [DirectJDKLog.java:173] Cannot deserialize session attribute [SPRING_SECURITY_CONTEXT] for session [A303D694483A81AD2240CA9FA18E1F66]
2022-07-23 15:36:16,630 WARN [restartedMain] o.s.b.a.s.s.UserDetailsServiceAutoConfiguration [UserDetailsServiceAutoConfiguration.java:88] 

Using generated security password: 56f730bf-872c-4f5a-aa63-6f2497ef84e2

This generated password is for development use only. Your security configuration must be updated before running your application in production.

2022-07-23 15:36:16,887 WARN [restartedMain] o.s.s.c.a.w.b.WebSecurity [WebSecurity.java:307] You are asking Spring Security to ignore Ant [pattern='/resources/**']. This is not recommended -- please use permitAll via HttpSecurity#authorizeHttpRequests instead.
2022-07-23 15:55:50,530 WARN [restartedMain] o.s.b.a.s.s.UserDetailsServiceAutoConfiguration [UserDetailsServiceAutoConfiguration.java:88] 

Using generated security password: f9bd414e-675a-44e9-9d40-9ab2aa77eef1

This generated password is for development use only. Your security configuration must be updated before running your application in production.

2022-07-23 15:55:50,588 WARN [restartedMain] o.s.s.c.a.w.b.WebSecurity [WebSecurity.java:307] You are asking Spring Security to ignore Ant [pattern='/resources/**']. This is not recommended -- please use permitAll via HttpSecurity#authorizeHttpRequests instead.
